  builtins.cpp
  eval.cpp
  generator.cpp
E:\王永健\王永健的文件夹\IntegratedProjects\c--\c--1.3\generator.cpp(266,21): warning C4018: “<”: 有符号/无符号不匹配
  lexer.cpp
E:\王永健\王永健的文件夹\IntegratedProjects\c--\c--1.3\lexer.cpp(17,17): warning C4018: “<”: 有符号/无符号不匹配
  main.cpp
E:\王永健\王永健的文件夹\IntegratedProjects\c--\c--1.3\Include\lexer.h(11,1): warning C4005: “isName”: 宏重定义
E:\王永健\王永健的文件夹\IntegratedProjects\c--\c--1.3\Include\preprocessor.h(13): message : 参见“isName”的前一个定义
E:\王永健\王永健的文件夹\IntegratedProjects\c--\c--1.3\main.cpp(24,20): warning C4018: “<”: 有符号/无符号不匹配
E:\王永健\王永健的文件夹\IntegratedProjects\c--\c--1.3\main.cpp(41,11): warning C4018: “<”: 有符号/无符号不匹配
E:\王永健\王永健的文件夹\IntegratedProjects\c--\c--1.3\main.cpp(174,20): warning C4018: “<”: 有符号/无符号不匹配
  cfunctionobject.cpp
  codeobject.cpp
  dictobject.cpp
  frameobject.cpp
  functionobject.cpp
  intobject.cpp
  listobject.cpp
  object.cpp
  stringobject.cpp
  parser.cpp
E:\王永健\王永健的文件夹\IntegratedProjects\c--\c--1.3\parser.cpp(106,21): warning C4018: “<”: 有符号/无符号不匹配
E:\王永健\王永健的文件夹\IntegratedProjects\c--\c--1.3\parser.cpp(633,20): warning C4018: “<”: 有符号/无符号不匹配
  preprocessor.cpp
E:\王永健\王永健的文件夹\IntegratedProjects\c--\c--1.3\preprocessor.cpp(14,11): warning C4018: “<”: 有符号/无符号不匹配
E:\王永健\王永健的文件夹\IntegratedProjects\c--\c--1.3\preprocessor.cpp(28,13): warning C4018: “<”: 有符号/无符号不匹配
E:\王永健\王永健的文件夹\IntegratedProjects\c--\c--1.3\preprocessor.cpp(40,13): warning C4018: “<”: 有符号/无符号不匹配
E:\王永健\王永健的文件夹\IntegratedProjects\c--\c--1.3\preprocessor.cpp(52,13): warning C4018: “<”: 有符号/无符号不匹配
E:\王永健\王永健的文件夹\IntegratedProjects\c--\c--1.3\preprocessor.cpp(66,22): warning C4018: “<”: 有符号/无符号不匹配
E:\王永健\王永健的文件夹\IntegratedProjects\c--\c--1.3\preprocessor.cpp(97,14): warning C4018: “<”: 有符号/无符号不匹配
E:\王永健\王永健的文件夹\IntegratedProjects\c--\c--1.3\preprocessor.cpp(102,14): warning C4018: “<”: 有符号/无符号不匹配
E:\王永健\王永健的文件夹\IntegratedProjects\c--\c--1.3\preprocessor.cpp(116,14): warning C4018: “<”: 有符号/无符号不匹配
E:\王永健\王永健的文件夹\IntegratedProjects\c--\c--1.3\preprocessor.cpp(124,15): warning C4018: “<”: 有符号/无符号不匹配
E:\王永健\王永健的文件夹\IntegratedProjects\c--\c--1.3\preprocessor.cpp(128,15): warning C4018: “<”: 有符号/无符号不匹配
E:\王永健\王永健的文件夹\IntegratedProjects\c--\c--1.3\preprocessor.cpp(138,15): warning C4018: “<”: 有符号/无符号不匹配
E:\王永健\王永健的文件夹\IntegratedProjects\c--\c--1.3\preprocessor.cpp(142,15): warning C4018: “<”: 有符号/无符号不匹配
E:\王永健\王永健的文件夹\IntegratedProjects\c--\c--1.3\preprocessor.cpp(159,13): warning C4018: “<”: 有符号/无符号不匹配
E:\王永健\王永健的文件夹\IntegratedProjects\c--\c--1.3\preprocessor.cpp(171,18): warning C4018: “<”: 有符号/无符号不匹配
E:\王永健\王永健的文件夹\IntegratedProjects\c--\c--1.3\preprocessor.cpp(264,11): warning C4018: “<”: 有符号/无符号不匹配
E:\王永健\王永健的文件夹\IntegratedProjects\c--\c--1.3\preprocessor.cpp(272,13): warning C4018: “<”: 有符号/无符号不匹配
E:\王永健\王永健的文件夹\IntegratedProjects\c--\c--1.3\preprocessor.cpp(276,13): warning C4018: “<”: 有符号/无符号不匹配
E:\王永健\王永健的文件夹\IntegratedProjects\c--\c--1.3\preprocessor.cpp(298,13): warning C4018: “<”: 有符号/无符号不匹配
E:\王永健\王永健的文件夹\IntegratedProjects\c--\c--1.3\preprocessor.cpp(305,13): warning C4018: “<”: 有符号/无符号不匹配
  正在生成代码...
  c--1.3.vcxproj -> E:\王永健\王永健的文件夹\IntegratedProjects\c--\c--1.3\Debug\c--1.3.exe
