  lexer.c
E:\王永健\王永健的文件夹\IntegratedProjects\c--\c--1.4\Include\object.h(100,1): warning C4113: “Object *(__cdecl *)(Object *,Object *)”和“SetItem”的参数列表不同
E:\王永健\王永健的文件夹\IntegratedProjects\c--\c--1.4\Include\object.h(100,1): warning C4047: “初始化”:“SetItem”与“Object *(__cdecl *)(Object *,Object *)”的间接级别不同
E:\王永健\王永健的文件夹\IntegratedProjects\c--\c--1.4\Compiler\lexer.c(5,31): warning C4133: “=”: 从“Object *”到“DictObject *”的类型不兼容
E:\王永健\王永健的文件夹\IntegratedProjects\c--\c--1.4\Compiler\lexer.c(38,34): warning C4133: “=”: 从“Object *”到“StringObject *”的类型不兼容
E:\王永健\王永健的文件夹\IntegratedProjects\c--\c--1.4\Compiler\lexer.c(191,39): warning C4133: “=”: 从“Object *”到“StringObject *”的类型不兼容
E:\王永健\王永健的文件夹\IntegratedProjects\c--\c--1.4\Compiler\lexer.c(343,51): warning C4133: “函数”: 从“StringObject *”到“Object *”的类型不兼容
E:\王永健\王永健的文件夹\IntegratedProjects\c--\c--1.4\Compiler\lexer.c(343,89): warning C4133: “=”: 从“Object *”到“StringObject *”的类型不兼容
E:\王永健\王永健的文件夹\IntegratedProjects\c--\c--1.4\Compiler\lexer.c(347,41): warning C4133: “=”: 从“Object *”到“StringObject *”的类型不兼容
  parser.c
E:\王永健\王永健的文件夹\IntegratedProjects\c--\c--1.4\Include\object.h(100,1): warning C4113: “Object *(__cdecl *)(Object *,Object *)”和“SetItem”的参数列表不同
E:\王永健\王永健的文件夹\IntegratedProjects\c--\c--1.4\Include\object.h(100,1): warning C4047: “初始化”:“SetItem”与“Object *(__cdecl *)(Object *,Object *)”的间接级别不同
E:\王永健\王永健的文件夹\IntegratedProjects\c--\c--1.4\Compiler\parser.c(32,27): warning C4133: “函数”: 从“ListObject *”到“Object *”的类型不兼容
E:\王永健\王永健的文件夹\IntegratedProjects\c--\c--1.4\Compiler\parser.c(39,27): warning C4133: “函数”: 从“ListObject *”到“Object *”的类型不兼容
E:\王永健\王永健的文件夹\IntegratedProjects\c--\c--1.4\Compiler\parser.c(46,27): warning C4133: “函数”: 从“ListObject *”到“Object *”的类型不兼容
E:\王永健\王永健的文件夹\IntegratedProjects\c--\c--1.4\Compiler\parser.c(53,27): warning C4133: “函数”: 从“ListObject *”到“Object *”的类型不兼容
E:\王永健\王永健的文件夹\IntegratedProjects\c--\c--1.4\Compiler\parser.c(74,27): warning C4133: “函数”: 从“ListObject *”到“Object *”的类型不兼容
E:\王永健\王永健的文件夹\IntegratedProjects\c--\c--1.4\Compiler\parser.c(26,1): warning C4133: “初始化”: 从“Object *”到“ListObject *”的类型不兼容
E:\王永健\王永健的文件夹\IntegratedProjects\c--\c--1.4\Compiler\parser.c(140,76): warning C4133: “=”: 从“Object *”到“StringObject *”的类型不兼容
E:\王永健\王永健的文件夹\IntegratedProjects\c--\c--1.4\Compiler\parser.c(167,27): warning C4133: “函数”: 从“ListObject *”到“Object *”的类型不兼容
E:\王永健\王永健的文件夹\IntegratedProjects\c--\c--1.4\Compiler\parser.c(168,12): warning C4133: “=”: 从“ListObject *”到“Object *”的类型不兼容
E:\王永健\王永健的文件夹\IntegratedProjects\c--\c--1.4\Compiler\parser.c(170,17): warning C4133: “=”: 从“Object *”到“ListObject *”的类型不兼容
E:\王永健\王永健的文件夹\IntegratedProjects\c--\c--1.4\Compiler\parser.c(178,28): warning C4133: “函数”: 从“ListObject *”到“Object *”的类型不兼容
E:\王永健\王永健的文件夹\IntegratedProjects\c--\c--1.4\Compiler\parser.c(179,13): warning C4133: “=”: 从“ListObject *”到“Object *”的类型不兼容
E:\王永健\王永健的文件夹\IntegratedProjects\c--\c--1.4\Compiler\parser.c(181,19): warning C4133: “=”: 从“Object *”到“ListObject *”的类型不兼容
E:\王永健\王永健的文件夹\IntegratedProjects\c--\c--1.4\Compiler\parser.c(188,66): warning C4133: “=”: 从“Object *”到“ListObject *”的类型不兼容
E:\王永健\王永健的文件夹\IntegratedProjects\c--\c--1.4\Compiler\parser.c(193,68): warning C4133: “=”: 从“Object *”到“ListObject *”的类型不兼容
E:\王永健\王永健的文件夹\IntegratedProjects\c--\c--1.4\Compiler\parser.c(202,27): warning C4133: “函数”: 从“ListObject *”到“Object *”的类型不兼容
E:\王永健\王永健的文件夹\IntegratedProjects\c--\c--1.4\Compiler\parser.c(203,12): warning C4133: “=”: 从“ListObject *”到“Object *”的类型不兼容
E:\王永健\王永健的文件夹\IntegratedProjects\c--\c--1.4\Compiler\parser.c(205,17): warning C4133: “=”: 从“Object *”到“ListObject *”的类型不兼容
E:\王永健\王永健的文件夹\IntegratedProjects\c--\c--1.4\Compiler\parser.c(213,28): warning C4133: “函数”: 从“ListObject *”到“Object *”的类型不兼容
E:\王永健\王永健的文件夹\IntegratedProjects\c--\c--1.4\Compiler\parser.c(214,13): warning C4133: “=”: 从“ListObject *”到“Object *”的类型不兼容
E:\王永健\王永健的文件夹\IntegratedProjects\c--\c--1.4\Compiler\parser.c(216,19): warning C4133: “=”: 从“Object *”到“ListObject *”的类型不兼容
E:\王永健\王永健的文件夹\IntegratedProjects\c--\c--1.4\Compiler\parser.c(222,17): warning C4133: “=”: 从“Object *”到“ListObject *”的类型不兼容
E:\王永健\王永健的文件夹\IntegratedProjects\c--\c--1.4\Compiler\parser.c(226,42): warning C4133: “=”: 从“Object *”到“ListObject *”的类型不兼容
E:\王永健\王永健的文件夹\IntegratedProjects\c--\c--1.4\Compiler\parser.c(232,17): warning C4133: “=”: 从“Object *”到“ListObject *”的类型不兼容
E:\王永健\王永健的文件夹\IntegratedProjects\c--\c--1.4\Compiler\parser.c(236,47): warning C4133: “=”: 从“Object *”到“ListObject *”的类型不兼容
E:\王永健\王永健的文件夹\IntegratedProjects\c--\c--1.4\Compiler\parser.c(157,1): warning C4133: “初始化”: 从“Object *”到“IfASTObject *”的类型不兼容
E:\王永健\王永健的文件夹\IntegratedProjects\c--\c--1.4\Compiler\parser.c(166,1): warning C4133: “初始化”: 从“Object *”到“ListObject *”的类型不兼容
E:\王永健\王永健的文件夹\IntegratedProjects\c--\c--1.4\Compiler\parser.c(177,1): warning C4133: “初始化”: 从“Object *”到“ListObject *”的类型不兼容
E:\王永健\王永健的文件夹\IntegratedProjects\c--\c--1.4\Compiler\parser.c(201,1): warning C4133: “初始化”: 从“Object *”到“ListObject *”的类型不兼容
E:\王永健\王永健的文件夹\IntegratedProjects\c--\c--1.4\Compiler\parser.c(212,1): warning C4133: “初始化”: 从“Object *”到“ListObject *”的类型不兼容
E:\王永健\王永健的文件夹\IntegratedProjects\c--\c--1.4\Compiler\parser.c(252,8): warning C4133: “=”: 从“OperationASTObject *”到“Object *”的类型不兼容
E:\王永健\王永健的文件夹\IntegratedProjects\c--\c--1.4\Compiler\parser.c(247,1): warning C4133: “初始化”: 从“Object *”到“OperationASTObject *”的类型不兼容
E:\王永健\王永健的文件夹\IntegratedProjects\c--\c--1.4\Compiler\parser.c(267,8): warning C4133: “=”: 从“OperationASTObject *”到“Object *”的类型不兼容
E:\王永健\王永健的文件夹\IntegratedProjects\c--\c--1.4\Compiler\parser.c(262,1): warning C4133: “初始化”: 从“Object *”到“OperationASTObject *”的类型不兼容
E:\王永健\王永健的文件夹\IntegratedProjects\c--\c--1.4\Compiler\parser.c(284,8): warning C4133: “=”: 从“OperationASTObject *”到“Object *”的类型不兼容
E:\王永健\王永健的文件夹\IntegratedProjects\c--\c--1.4\Compiler\parser.c(279,1): warning C4133: “初始化”: 从“Object *”到“OperationASTObject *”的类型不兼容
E:\王永健\王永健的文件夹\IntegratedProjects\c--\c--1.4\Compiler\parser.c(299,8): warning C4133: “=”: 从“OperationASTObject *”到“Object *”的类型不兼容
E:\王永健\王永健的文件夹\IntegratedProjects\c--\c--1.4\Compiler\parser.c(294,1): warning C4133: “初始化”: 从“Object *”到“OperationASTObject *”的类型不兼容
E:\王永健\王永健的文件夹\IntegratedProjects\c--\c--1.4\Compiler\parser.c(313,8): warning C4133: “=”: 从“OperationASTObject *”到“Object *”的类型不兼容
E:\王永健\王永健的文件夹\IntegratedProjects\c--\c--1.4\Compiler\parser.c(308,1): warning C4133: “初始化”: 从“Object *”到“OperationASTObject *”的类型不兼容
E:\王永健\王永健的文件夹\IntegratedProjects\c--\c--1.4\Compiler\parser.c(332,48): warning C4133: “=”: 从“Object *”到“StringObject *”的类型不兼容
E:\王永健\王永健的文件夹\IntegratedProjects\c--\c--1.4\Compiler\parser.c(333,9): warning C4133: “=”: 从“SubscriptASTObject *”到“Object *”的类型不兼容
E:\王永健\王永健的文件夹\IntegratedProjects\c--\c--1.4\Compiler\parser.c(342,42): warning C4133: “=”: 从“Object *”到“ListObject *”的类型不兼容
E:\王永健\王永健的文件夹\IntegratedProjects\c--\c--1.4\Compiler\parser.c(345,47): warning C4133: “=”: 从“Object *”到“StringObject *”的类型不兼容
E:\王永健\王永健的文件夹\IntegratedProjects\c--\c--1.4\Compiler\parser.c(346,9): warning C4133: “=”: 从“CallASTObject *”到“Object *”的类型不兼容
E:\王永健\王永健的文件夹\IntegratedProjects\c--\c--1.4\Compiler\parser.c(358,49): warning C4133: “=”: 从“Object *”到“StringObject *”的类型不兼容
E:\王永健\王永健的文件夹\IntegratedProjects\c--\c--1.4\Compiler\parser.c(362,55): warning C4133: “=”: 从“Object *”到“StringObject *”的类型不兼容
E:\王永健\王永健的文件夹\IntegratedProjects\c--\c--1.4\Compiler\parser.c(364,9): warning C4133: “=”: 从“AttributeASTObject *”到“Object *”的类型不兼容
E:\王永健\王永健的文件夹\IntegratedProjects\c--\c--1.4\Compiler\parser.c(327,1): warning C4133: “初始化”: 从“Object *”到“SubscriptASTObject *”的类型不兼容
E:\王永健\王永健的文件夹\IntegratedProjects\c--\c--1.4\Compiler\parser.c(337,1): warning C4133: “初始化”: 从“Object *”到“CallASTObject *”的类型不兼容
E:\王永健\王永健的文件夹\IntegratedProjects\c--\c--1.4\Compiler\parser.c(351,1): warning C4133: “初始化”: 从“Object *”到“AttributeASTObject *”的类型不兼容
E:\王永健\王永健的文件夹\IntegratedProjects\c--\c--1.4\Compiler\parser.c(379,49): warning C4133: “=”: 从“Object *”到“StringObject *”的类型不兼容
E:\王永健\王永健的文件夹\IntegratedProjects\c--\c--1.4\Compiler\parser.c(383,48): warning C4133: “=”: 从“Object *”到“StringObject *”的类型不兼容
E:\王永健\王永健的文件夹\IntegratedProjects\c--\c--1.4\Compiler\parser.c(386,8): warning C4133: “=”: 从“NameASTObject *”到“Object *”的类型不兼容
E:\王永健\王永健的文件夹\IntegratedProjects\c--\c--1.4\Compiler\parser.c(393,8): warning C4133: “=”: 从“ConstantASTObject *”到“Object *”的类型不兼容
E:\王永健\王永健的文件夹\IntegratedProjects\c--\c--1.4\Compiler\parser.c(398,37): warning C4133: “=”: 从“StringObject *”到“Object *”的类型不兼容
E:\王永健\王永健的文件夹\IntegratedProjects\c--\c--1.4\Compiler\parser.c(400,8): warning C4133: “=”: 从“ConstantASTObject *”到“Object *”的类型不兼容
E:\王永健\王永健的文件夹\IntegratedProjects\c--\c--1.4\Compiler\parser.c(407,8): warning C4133: “=”: 从“ConstantASTObject *”到“Object *”的类型不兼容
E:\王永健\王永健的文件夹\IntegratedProjects\c--\c--1.4\Compiler\parser.c(424,33): warning C4133: “函数”: 从“ListObject *”到“Object *”的类型不兼容
E:\王永健\王永健的文件夹\IntegratedProjects\c--\c--1.4\Compiler\parser.c(428,34): warning C4133: “函数”: 从“ListObject *”到“Object *”的类型不兼容
E:\王永健\王永健的文件夹\IntegratedProjects\c--\c--1.4\Compiler\parser.c(432,8): warning C4133: “=”: 从“ListASTObject *”到“Object *”的类型不兼容
E:\王永健\王永健的文件夹\IntegratedProjects\c--\c--1.4\Compiler\parser.c(375,1): warning C4133: “初始化”: 从“Object *”到“NameASTObject *”的类型不兼容
E:\王永健\王永健的文件夹\IntegratedProjects\c--\c--1.4\Compiler\parser.c(390,1): warning C4133: “初始化”: 从“Object *”到“ConstantASTObject *”的类型不兼容
E:\王永健\王永健的文件夹\IntegratedProjects\c--\c--1.4\Compiler\parser.c(397,1): warning C4133: “初始化”: 从“Object *”到“ConstantASTObject *”的类型不兼容
E:\王永健\王永健的文件夹\IntegratedProjects\c--\c--1.4\Compiler\parser.c(404,1): warning C4133: “初始化”: 从“Object *”到“ConstantASTObject *”的类型不兼容
E:\王永健\王永健的文件夹\IntegratedProjects\c--\c--1.4\Compiler\parser.c(420,1): warning C4133: “初始化”: 从“Object *”到“ListASTObject *”的类型不兼容
E:\王永健\王永健的文件夹\IntegratedProjects\c--\c--1.4\Compiler\parser.c(451,74): warning C4133: “=”: 从“Object *”到“StringObject *”的类型不兼容
E:\王永健\王永健的文件夹\IntegratedProjects\c--\c--1.4\Compiler\parser.c(455,79): warning C4133: “=”: 从“Object *”到“StringObject *”的类型不兼容
E:\王永健\王永健的文件夹\IntegratedProjects\c--\c--1.4\Compiler\parser.c(459,79): warning C4133: “=”: 从“Object *”到“StringObject *”的类型不兼容
E:\王永健\王永健的文件夹\IntegratedProjects\c--\c--1.4\Compiler\parser.c(461,35): warning C4133: “函数”: 从“ListObject *”到“Object *”的类型不兼容
E:\王永健\王永健的文件夹\IntegratedProjects\c--\c--1.4\Compiler\parser.c(464,8): warning C4133: “=”: 从“AssignASTObject *”到“Object *”的类型不兼容
E:\王永健\王永健的文件夹\IntegratedProjects\c--\c--1.4\Compiler\parser.c(448,1): warning C4133: “初始化”: 从“Object *”到“AssignASTObject *”的类型不兼容
E:\王永健\王永健的文件夹\IntegratedProjects\c--\c--1.4\Compiler\parser.c(473,25): warning C4133: “函数”: 从“ListObject *”到“Object *”的类型不兼容
E:\王永健\王永健的文件夹\IntegratedProjects\c--\c--1.4\Compiler\parser.c(478,26): warning C4133: “函数”: 从“ListObject *”到“Object *”的类型不兼容
E:\王永健\王永健的文件夹\IntegratedProjects\c--\c--1.4\Compiler\parser.c(480,10): warning C4133: “return”: 从“ListObject *”到“Object *”的类型不兼容
E:\王永健\王永健的文件夹\IntegratedProjects\c--\c--1.4\Compiler\parser.c(471,1): warning C4133: “初始化”: 从“Object *”到“ListObject *”的类型不兼容
E:\王永健\王永健的文件夹\IntegratedProjects\c--\c--1.4\Compiler\parser.c(491,8): warning C4133: “=”: 从“ReturnASTObject *”到“Object *”的类型不兼容
E:\王永健\王永健的文件夹\IntegratedProjects\c--\c--1.4\Compiler\parser.c(497,8): warning C4133: “=”: 从“BreakASTObject *”到“Object *”的类型不兼容
E:\王永健\王永健的文件夹\IntegratedProjects\c--\c--1.4\Compiler\parser.c(503,8): warning C4133: “=”: 从“ContinueASTObject *”到“Object *”的类型不兼容
E:\王永健\王永健的文件夹\IntegratedProjects\c--\c--1.4\Compiler\parser.c(489,1): warning C4133: “初始化”: 从“Object *”到“ReturnASTObject *”的类型不兼容
E:\王永健\王永健的文件夹\IntegratedProjects\c--\c--1.4\Compiler\parser.c(495,1): warning C4133: “初始化”: 从“Object *”到“BreakASTObject *”的类型不兼容
E:\王永健\王永健的文件夹\IntegratedProjects\c--\c--1.4\Compiler\parser.c(501,1): warning C4133: “初始化”: 从“Object *”到“ContinueASTObject *”的类型不兼容
E:\王永健\王永健的文件夹\IntegratedProjects\c--\c--1.4\Compiler\parser.c(519,46): warning C4133: “=”: 从“Object *”到“StringObject *”的类型不兼容
E:\王永健\王永健的文件夹\IntegratedProjects\c--\c--1.4\Compiler\parser.c(520,27): warning C4133: “函数”: 从“ListObject *”到“Object *”的类型不兼容
E:\王永健\王永健的文件夹\IntegratedProjects\c--\c--1.4\Compiler\parser.c(520,40): warning C4133: “函数”: 从“NameASTObject *”到“Object *”的类型不兼容
E:\王永健\王永健的文件夹\IntegratedProjects\c--\c--1.4\Compiler\parser.c(525,47): warning C4133: “=”: 从“Object *”到“StringObject *”的类型不兼容
E:\王永健\王永健的文件夹\IntegratedProjects\c--\c--1.4\Compiler\parser.c(526,28): warning C4133: “函数”: 从“ListObject *”到“Object *”的类型不兼容
E:\王永健\王永健的文件夹\IntegratedProjects\c--\c--1.4\Compiler\parser.c(526,41): warning C4133: “函数”: 从“NameASTObject *”到“Object *”的类型不兼容
E:\王永健\王永健的文件夹\IntegratedProjects\c--\c--1.4\Compiler\parser.c(535,39): warning C4133: “=”: 从“Object *”到“ListObject *”的类型不兼容
E:\王永健\王永健的文件夹\IntegratedProjects\c--\c--1.4\Compiler\parser.c(541,66): warning C4133: “=”: 从“Object *”到“ListObject *”的类型不兼容
E:\王永健\王永健的文件夹\IntegratedProjects\c--\c--1.4\Compiler\parser.c(546,40): warning C4133: “=”: 从“Object *”到“ListObject *”的类型不兼容
E:\王永健\王永健的文件夹\IntegratedProjects\c--\c--1.4\Compiler\parser.c(551,40): warning C4133: “=”: 从“Object *”到“ListObject *”的类型不兼容
E:\王永健\王永健的文件夹\IntegratedProjects\c--\c--1.4\Compiler\parser.c(556,44): warning C4133: “=”: 从“Object *”到“ListObject *”的类型不兼容
E:\王永健\王永健的文件夹\IntegratedProjects\c--\c--1.4\Compiler\parser.c(558,10): warning C4133: “return”: 从“FunctionDefASTObject *”到“Object *”的类型不兼容
E:\王永健\王永健的文件夹\IntegratedProjects\c--\c--1.4\Compiler\parser.c(510,1): warning C4133: “初始化”: 从“Object *”到“FunctionDefASTObject *”的类型不兼容
E:\王永健\王永健的文件夹\IntegratedProjects\c--\c--1.4\Compiler\parser.c(517,1): warning C4133: “初始化”: 从“Object *”到“ListObject *”的类型不兼容
E:\王永健\王永健的文件夹\IntegratedProjects\c--\c--1.4\Compiler\parser.c(518,1): warning C4133: “初始化”: 从“Object *”到“NameASTObject *”的类型不兼容
E:\王永健\王永健的文件夹\IntegratedProjects\c--\c--1.4\Compiler\parser.c(524,1): warning C4133: “初始化”: 从“Object *”到“NameASTObject *”的类型不兼容
E:\王永健\王永健的文件夹\IntegratedProjects\c--\c--1.4\Compiler\parser.c(572,27): warning C4133: “函数”: 从“ListObject *”到“Object *”的类型不兼容
E:\王永健\王永健的文件夹\IntegratedProjects\c--\c--1.4\Compiler\parser.c(573,12): warning C4133: “=”: 从“ListObject *”到“Object *”的类型不兼容
E:\王永健\王永健的文件夹\IntegratedProjects\c--\c--1.4\Compiler\parser.c(575,17): warning C4133: “=”: 从“Object *”到“ListObject *”的类型不兼容
E:\王永健\王永健的文件夹\IntegratedProjects\c--\c--1.4\Compiler\parser.c(580,67): warning C4133: “=”: 从“Object *”到“ListObject *”的类型不兼容
E:\王永健\王永健的文件夹\IntegratedProjects\c--\c--1.4\Compiler\parser.c(588,27): warning C4133: “函数”: 从“ListObject *”到“Object *”的类型不兼容
E:\王永健\王永健的文件夹\IntegratedProjects\c--\c--1.4\Compiler\parser.c(589,12): warning C4133: “=”: 从“ListObject *”到“Object *”的类型不兼容
E:\王永健\王永健的文件夹\IntegratedProjects\c--\c--1.4\Compiler\parser.c(591,17): warning C4133: “=”: 从“Object *”到“ListObject *”的类型不兼容
E:\王永健\王永健的文件夹\IntegratedProjects\c--\c--1.4\Compiler\parser.c(596,17): warning C4133: “=”: 从“Object *”到“ListObject *”的类型不兼容
E:\王永健\王永健的文件夹\IntegratedProjects\c--\c--1.4\Compiler\parser.c(601,17): warning C4133: “=”: 从“Object *”到“ListObject *”的类型不兼容
E:\王永健\王永健的文件夹\IntegratedProjects\c--\c--1.4\Compiler\parser.c(603,10): warning C4133: “return”: 从“WhileASTObject *”到“Object *”的类型不兼容
E:\王永健\王永健的文件夹\IntegratedProjects\c--\c--1.4\Compiler\parser.c(563,1): warning C4133: “初始化”: 从“Object *”到“WhileASTObject *”的类型不兼容
E:\王永健\王永健的文件夹\IntegratedProjects\c--\c--1.4\Compiler\parser.c(571,1): warning C4133: “初始化”: 从“Object *”到“ListObject *”的类型不兼容
E:\王永健\王永健的文件夹\IntegratedProjects\c--\c--1.4\Compiler\parser.c(587,1): warning C4133: “初始化”: 从“Object *”到“ListObject *”的类型不兼容
E:\王永健\王永健的文件夹\IntegratedProjects\c--\c--1.4\Compiler\parser.c(642,10): warning C4133: “return”: 从“ImportASTObject *”到“Object *”的类型不兼容
E:\王永健\王永健的文件夹\IntegratedProjects\c--\c--1.4\Compiler\parser.c(637,1): warning C4133: “初始化”: 从“Object *”到“ImportASTObject *”的类型不兼容
E:\王永健\王永健的文件夹\IntegratedProjects\c--\c--1.4\Compiler\parser.c(657,33): warning C4133: “函数”: 从“ListObject *”到“Object *”的类型不兼容
E:\王永健\王永健的文件夹\IntegratedProjects\c--\c--1.4\Compiler\parser.c(662,34): warning C4133: “函数”: 从“ListObject *”到“Object *”的类型不兼容
E:\王永健\王永健的文件夹\IntegratedProjects\c--\c--1.4\Compiler\parser.c(672,39): warning C4133: “=”: 从“Object *”到“ListObject *”的类型不兼容
E:\王永健\王永健的文件夹\IntegratedProjects\c--\c--1.4\Compiler\parser.c(679,67): warning C4133: “=”: 从“Object *”到“ListObject *”的类型不兼容
E:\王永健\王永健的文件夹\IntegratedProjects\c--\c--1.4\Compiler\parser.c(686,41): warning C4133: “=”: 从“Object *”到“ListObject *”的类型不兼容
E:\王永健\王永健的文件夹\IntegratedProjects\c--\c--1.4\Compiler\parser.c(693,17): warning C4133: “=”: 从“Object *”到“ListObject *”的类型不兼容
E:\王永健\王永健的文件夹\IntegratedProjects\c--\c--1.4\Compiler\parser.c(698,17): warning C4133: “=”: 从“Object *”到“ListObject *”的类型不兼容
E:\王永健\王永健的文件夹\IntegratedProjects\c--\c--1.4\Compiler\parser.c(700,10): warning C4133: “return”: 从“ClassASTObject *”到“Object *”的类型不兼容
E:\王永健\王永健的文件夹\IntegratedProjects\c--\c--1.4\Compiler\parser.c(647,1): warning C4133: “初始化”: 从“Object *”到“ClassASTObject *”的类型不兼容
E:\王永健\王永健的文件夹\IntegratedProjects\c--\c--1.4\Compiler\parser.c(713,41): warning C4133: “=”: 从“Object *”到“ListObject *”的类型不兼容
E:\王永健\王永健的文件夹\IntegratedProjects\c--\c--1.4\Compiler\parser.c(720,67): warning C4133: “=”: 从“Object *”到“ListObject *”的类型不兼容
E:\王永健\王永健的文件夹\IntegratedProjects\c--\c--1.4\Compiler\parser.c(727,41): warning C4133: “=”: 从“Object *”到“ListObject *”的类型不兼容
E:\王永健\王永健的文件夹\IntegratedProjects\c--\c--1.4\Compiler\parser.c(734,17): warning C4133: “=”: 从“Object *”到“ListObject *”的类型不兼容
E:\王永健\王永健的文件夹\IntegratedProjects\c--\c--1.4\Compiler\parser.c(739,17): warning C4133: “=”: 从“Object *”到“ListObject *”的类型不兼容
E:\王永健\王永健的文件夹\IntegratedProjects\c--\c--1.4\Compiler\parser.c(749,43): warning C4133: “=”: 从“Object *”到“ListObject *”的类型不兼容
E:\王永健\王永健的文件夹\IntegratedProjects\c--\c--1.4\Compiler\parser.c(756,69): warning C4133: “=”: 从“Object *”到“ListObject *”的类型不兼容
E:\王永健\王永健的文件夹\IntegratedProjects\c--\c--1.4\Compiler\parser.c(763,43): warning C4133: “=”: 从“Object *”到“ListObject *”的类型不兼容
E:\王永健\王永健的文件夹\IntegratedProjects\c--\c--1.4\Compiler\parser.c(770,19): warning C4133: “=”: 从“Object *”到“ListObject *”的类型不兼容
E:\王永健\王永健的文件夹\IntegratedProjects\c--\c--1.4\Compiler\parser.c(775,19): warning C4133: “=”: 从“Object *”到“ListObject *”的类型不兼容
E:\王永健\王永健的文件夹\IntegratedProjects\c--\c--1.4\Compiler\parser.c(777,10): warning C4133: “return”: 从“TryASTObject *”到“Object *”的类型不兼容
E:\王永健\王永健的文件夹\IntegratedProjects\c--\c--1.4\Compiler\parser.c(705,1): warning C4133: “初始化”: 从“Object *”到“TryASTObject *”的类型不兼容
  preprocessor.c
E:\王永健\王永健的文件夹\IntegratedProjects\c--\c--1.4\Include\object.h(100,1): warning C4113: “Object *(__cdecl *)(Object *,Object *)”和“SetItem”的参数列表不同
E:\王永健\王永健的文件夹\IntegratedProjects\c--\c--1.4\Include\object.h(100,1): warning C4047: “初始化”:“SetItem”与“Object *(__cdecl *)(Object *,Object *)”的间接级别不同
E:\王永健\王永健的文件夹\IntegratedProjects\c--\c--1.4\Compiler\preprocessor.c(12,63): warning C4133: “=”: 从“Object *”到“StringObject *”的类型不兼容
E:\王永健\王永健的文件夹\IntegratedProjects\c--\c--1.4\Compiler\preprocessor.c(14,45): warning C4133: “=”: 从“Object *”到“DictObject *”的类型不兼容
E:\王永健\王永健的文件夹\IntegratedProjects\c--\c--1.4\Compiler\preprocessor.c(26,64): warning C4133: “函数”: 从“StringObject *”到“Object *”的类型不兼容
E:\王永健\王永健的文件夹\IntegratedProjects\c--\c--1.4\Compiler\preprocessor.c(26,109): warning C4133: “=”: 从“Object *”到“StringObject *”的类型不兼容
E:\王永健\王永健的文件夹\IntegratedProjects\c--\c--1.4\Compiler\preprocessor.c(30,65): warning C4133: “函数”: 从“StringObject *”到“Object *”的类型不兼容
E:\王永健\王永健的文件夹\IntegratedProjects\c--\c--1.4\Compiler\preprocessor.c(30,110): warning C4133: “=”: 从“Object *”到“StringObject *”的类型不兼容
E:\王永健\王永健的文件夹\IntegratedProjects\c--\c--1.4\Compiler\preprocessor.c(33,64): warning C4133: “函数”: 从“StringObject *”到“Object *”的类型不兼容
E:\王永健\王永健的文件夹\IntegratedProjects\c--\c--1.4\Compiler\preprocessor.c(33,109): warning C4133: “=”: 从“Object *”到“StringObject *”的类型不兼容
E:\王永健\王永健的文件夹\IntegratedProjects\c--\c--1.4\Compiler\preprocessor.c(38,64): warning C4133: “函数”: 从“StringObject *”到“Object *”的类型不兼容
E:\王永健\王永健的文件夹\IntegratedProjects\c--\c--1.4\Compiler\preprocessor.c(38,109): warning C4133: “=”: 从“Object *”到“StringObject *”的类型不兼容
E:\王永健\王永健的文件夹\IntegratedProjects\c--\c--1.4\Compiler\preprocessor.c(42,65): warning C4133: “函数”: 从“StringObject *”到“Object *”的类型不兼容
E:\王永健\王永健的文件夹\IntegratedProjects\c--\c--1.4\Compiler\preprocessor.c(42,110): warning C4133: “=”: 从“Object *”到“StringObject *”的类型不兼容
E:\王永健\王永健的文件夹\IntegratedProjects\c--\c--1.4\Compiler\preprocessor.c(45,64): warning C4133: “函数”: 从“StringObject *”到“Object *”的类型不兼容
E:\王永健\王永健的文件夹\IntegratedProjects\c--\c--1.4\Compiler\preprocessor.c(45,109): warning C4133: “=”: 从“Object *”到“StringObject *”的类型不兼容
E:\王永健\王永健的文件夹\IntegratedProjects\c--\c--1.4\Compiler\preprocessor.c(54,39): warning C4133: “函数”: 从“StringObject *”到“Object *”的类型不兼容
E:\王永健\王永健的文件夹\IntegratedProjects\c--\c--1.4\Compiler\preprocessor.c(54,84): warning C4133: “=”: 从“Object *”到“StringObject *”的类型不兼容
E:\王永健\王永健的文件夹\IntegratedProjects\c--\c--1.4\Compiler\preprocessor.c(60,65): warning C4133: “函数”: 从“StringObject *”到“Object *”的类型不兼容
E:\王永健\王永健的文件夹\IntegratedProjects\c--\c--1.4\Compiler\preprocessor.c(60,76): warning C4133: “函数”: 从“StringObject *”到“Object *”的类型不兼容
E:\王永健\王永健的文件夹\IntegratedProjects\c--\c--1.4\Compiler\preprocessor.c(60,77): warning C4133: “=”: 从“Object *”到“StringObject *”的类型不兼容
E:\王永健\王永健的文件夹\IntegratedProjects\c--\c--1.4\Compiler\preprocessor.c(68,33): warning C4133: “函数”: 从“StringObject *”到“Object *”的类型不兼容
E:\王永健\王永健的文件夹\IntegratedProjects\c--\c--1.4\Compiler\preprocessor.c(68,78): warning C4133: “=”: 从“Object *”到“StringObject *”的类型不兼容
E:\王永健\王永健的文件夹\IntegratedProjects\c--\c--1.4\Compiler\preprocessor.c(71,70): warning C4133: “函数”: 从“DictObject *”到“Object *”的类型不兼容
E:\王永健\王永健的文件夹\IntegratedProjects\c--\c--1.4\Compiler\preprocessor.c(71,76): warning C4133: “函数”: 从“StringObject *”到“Object *”的类型不兼容
E:\王永健\王永健的文件夹\IntegratedProjects\c--\c--1.4\Compiler\preprocessor.c(74,65): warning C4133: “函数”: 从“StringObject *”到“Object *”的类型不兼容
E:\王永健\王永健的文件夹\IntegratedProjects\c--\c--1.4\Compiler\preprocessor.c(74,73): warning C4133: “=”: 从“Object *”到“StringObject *”的类型不兼容
E:\王永健\王永健的文件夹\IntegratedProjects\c--\c--1.4\Compiler\preprocessor.c(78,65): warning C4133: “函数”: 从“StringObject *”到“Object *”的类型不兼容
E:\王永健\王永健的文件夹\IntegratedProjects\c--\c--1.4\Compiler\preprocessor.c(78,71): warning C4133: “函数”: 从“StringObject *”到“Object *”的类型不兼容
E:\王永健\王永健的文件夹\IntegratedProjects\c--\c--1.4\Compiler\preprocessor.c(78,72): warning C4133: “=”: 从“Object *”到“StringObject *”的类型不兼容
E:\王永健\王永健的文件夹\IntegratedProjects\c--\c--1.4\Compiler\preprocessor.c(83,64): warning C4133: “函数”: 从“StringObject *”到“Object *”的类型不兼容
E:\王永健\王永健的文件夹\IntegratedProjects\c--\c--1.4\Compiler\preprocessor.c(83,109): warning C4133: “=”: 从“Object *”到“StringObject *”的类型不兼容
E:\王永健\王永健的文件夹\IntegratedProjects\c--\c--1.4\Compiler\preprocessor.c(50,1): warning C4133: “初始化”: 从“Object *”到“StringObject *”的类型不兼容
E:\王永健\王永健的文件夹\IntegratedProjects\c--\c--1.4\Compiler\preprocessor.c(65,1): warning C4133: “初始化”: 从“Object *”到“StringObject *”的类型不兼容
E:\王永健\王永健的文件夹\IntegratedProjects\c--\c--1.4\Compiler\preprocessor.c(92,52): warning C4133: “函数”: 从“StringObject *”到“Object *”的类型不兼容
E:\王永健\王永健的文件夹\IntegratedProjects\c--\c--1.4\Compiler\preprocessor.c(101,46): warning C4133: “函数”: 从“DictObject *”到“Object *”的类型不兼容
E:\王永健\王永健的文件夹\IntegratedProjects\c--\c--1.4\Compiler\preprocessor.c(106,46): warning C4133: “函数”: 从“DictObject *”到“Object *”的类型不兼容
E:\王永健\王永健的文件夹\IntegratedProjects\c--\c--1.4\Compiler\preprocessor.c(111,50): warning C4133: “函数”: 从“DictObject *”到“Object *”的类型不兼容
E:\王永健\王永健的文件夹\IntegratedProjects\c--\c--1.4\Compiler\preprocessor.c(123,50): warning C4133: “函数”: 从“DictObject *”到“Object *”的类型不兼容
E:\王永健\王永健的文件夹\IntegratedProjects\c--\c--1.4\Compiler\preprocessor.c(135,77): warning C4133: “函数”: 从“DictObject *”到“Object *”的类型不兼容
E:\王永健\王永健的文件夹\IntegratedProjects\c--\c--1.4\Compiler\preprocessor.c(178,36): warning C4133: “函数”: 从“StringObject *”到“Object *”的类型不兼容
E:\王永健\王永健的文件夹\IntegratedProjects\c--\c--1.4\Compiler\preprocessor.c(178,96): warning C4133: “=”: 从“Object *”到“StringObject *”的类型不兼容
E:\王永健\王永健的文件夹\IntegratedProjects\c--\c--1.4\Compiler\preprocessor.c(184,40): warning C4133: “函数”: 从“StringObject *”到“Object *”的类型不兼容
E:\王永健\王永健的文件夹\IntegratedProjects\c--\c--1.4\Compiler\preprocessor.c(184,91): warning C4133: “=”: 从“Object *”到“StringObject *”的类型不兼容
E:\王永健\王永健的文件夹\IntegratedProjects\c--\c--1.4\Compiler\preprocessor.c(187,41): warning C4133: “函数”: 从“StringObject *”到“Object *”的类型不兼容
E:\王永健\王永健的文件夹\IntegratedProjects\c--\c--1.4\Compiler\preprocessor.c(187,49): warning C4133: “函数”: 从“StringObject *”到“Object *”的类型不兼容
E:\王永健\王永健的文件夹\IntegratedProjects\c--\c--1.4\Compiler\preprocessor.c(187,50): warning C4133: “=”: 从“Object *”到“StringObject *”的类型不兼容
E:\王永健\王永健的文件夹\IntegratedProjects\c--\c--1.4\Compiler\preprocessor.c(206,30): warning C4133: “函数”: 从“StringObject *”到“Object *”的类型不兼容
E:\王永健\王永健的文件夹\IntegratedProjects\c--\c--1.4\Compiler\preprocessor.c(206,75): warning C4133: “=”: 从“Object *”到“StringObject *”的类型不兼容
E:\王永健\王永健的文件夹\IntegratedProjects\c--\c--1.4\Compiler\preprocessor.c(209,27): warning C4133: “函数”: 从“StringObject *”到“Object *”的类型不兼容
E:\王永健\王永健的文件夹\IntegratedProjects\c--\c--1.4\Compiler\preprocessor.c(210,24): warning C4133: “函数”: 从“StringObject *”到“Object *”的类型不兼容
E:\王永健\王永健的文件夹\IntegratedProjects\c--\c--1.4\Compiler\preprocessor.c(214,32): warning C4133: “函数”: 从“StringObject *”到“Object *”的类型不兼容
E:\王永健\王永健的文件夹\IntegratedProjects\c--\c--1.4\Compiler\preprocessor.c(218,41): warning C4133: “函数”: 从“StringObject *”到“Object *”的类型不兼容
E:\王永健\王永健的文件夹\IntegratedProjects\c--\c--1.4\Compiler\preprocessor.c(219,25): warning C4133: “函数”: 从“StringObject *”到“Object *”的类型不兼容
E:\王永健\王永健的文件夹\IntegratedProjects\c--\c--1.4\Compiler\preprocessor.c(175,1): warning C4133: “初始化”: 从“Object *”到“StringObject *”的类型不兼容
E:\王永健\王永健的文件夹\IntegratedProjects\c--\c--1.4\Compiler\preprocessor.c(181,1): warning C4133: “初始化”: 从“Object *”到“StringObject *”的类型不兼容
E:\王永健\王永健的文件夹\IntegratedProjects\c--\c--1.4\Compiler\preprocessor.c(201,1): warning C4133: “初始化”: 从“Object *”到“StringObject *”的类型不兼容
  translater.c
E:\王永健\王永健的文件夹\IntegratedProjects\c--\c--1.4\Include\object.h(100,1): warning C4113: “Object *(__cdecl *)(Object *,Object *)”和“SetItem”的参数列表不同
E:\王永健\王永健的文件夹\IntegratedProjects\c--\c--1.4\Include\object.h(100,1): warning C4047: “初始化”:“SetItem”与“Object *(__cdecl *)(Object *,Object *)”的间接级别不同
E:\王永健\王永健的文件夹\IntegratedProjects\c--\c--1.4\Compiler\translater.c(6,37): warning C4133: “=”: 从“Object *”到“ByteCodeObject *”的类型不兼容
E:\王永健\王永健的文件夹\IntegratedProjects\c--\c--1.4\Compiler\translater.c(12,33): warning C4133: “=”: 从“Object *”到“DictObject *”的类型不兼容
E:\王永健\王永健的文件夹\IntegratedProjects\c--\c--1.4\Compiler\translater.c(13,33): warning C4133: “函数”: 从“DictObject *”到“Object *”的类型不兼容
E:\王永健\王永健的文件夹\IntegratedProjects\c--\c--1.4\Compiler\translater.c(14,33): warning C4133: “函数”: 从“DictObject *”到“Object *”的类型不兼容
E:\王永健\王永健的文件夹\IntegratedProjects\c--\c--1.4\Compiler\translater.c(15,33): warning C4133: “函数”: 从“DictObject *”到“Object *”的类型不兼容
E:\王永健\王永健的文件夹\IntegratedProjects\c--\c--1.4\Compiler\translater.c(16,33): warning C4133: “函数”: 从“DictObject *”到“Object *”的类型不兼容
E:\王永健\王永健的文件夹\IntegratedProjects\c--\c--1.4\Compiler\translater.c(17,33): warning C4133: “函数”: 从“DictObject *”到“Object *”的类型不兼容
E:\王永健\王永健的文件夹\IntegratedProjects\c--\c--1.4\Compiler\translater.c(18,33): warning C4133: “函数”: 从“DictObject *”到“Object *”的类型不兼容
E:\王永健\王永健的文件夹\IntegratedProjects\c--\c--1.4\Compiler\translater.c(19,33): warning C4133: “函数”: 从“DictObject *”到“Object *”的类型不兼容
E:\王永健\王永健的文件夹\IntegratedProjects\c--\c--1.4\Compiler\translater.c(20,33): warning C4133: “函数”: 从“DictObject *”到“Object *”的类型不兼容
E:\王永健\王永健的文件夹\IntegratedProjects\c--\c--1.4\Compiler\translater.c(21,33): warning C4133: “函数”: 从“DictObject *”到“Object *”的类型不兼容
E:\王永健\王永健的文件夹\IntegratedProjects\c--\c--1.4\Compiler\translater.c(22,33): warning C4133: “函数”: 从“DictObject *”到“Object *”的类型不兼容
E:\王永健\王永健的文件夹\IntegratedProjects\c--\c--1.4\Compiler\translater.c(23,33): warning C4133: “函数”: 从“DictObject *”到“Object *”的类型不兼容
E:\王永健\王永健的文件夹\IntegratedProjects\c--\c--1.4\Compiler\translater.c(24,33): warning C4133: “函数”: 从“DictObject *”到“Object *”的类型不兼容
E:\王永健\王永健的文件夹\IntegratedProjects\c--\c--1.4\Compiler\translater.c(25,33): warning C4133: “函数”: 从“DictObject *”到“Object *”的类型不兼容
E:\王永健\王永健的文件夹\IntegratedProjects\c--\c--1.4\Compiler\translater.c(45,51): warning C4133: “函数”: 从“ListObject *”到“Object *”的类型不兼容
E:\王永健\王永健的文件夹\IntegratedProjects\c--\c--1.4\Compiler\translater.c(52,51): warning C4133: “函数”: 从“ListObject *”到“Object *”的类型不兼容
E:\王永健\王永健的文件夹\IntegratedProjects\c--\c--1.4\Compiler\translater.c(55,3): warning C4133: “函数”: 从“ListObject *”到“Object *”的类型不兼容
E:\王永健\王永健的文件夹\IntegratedProjects\c--\c--1.4\Compiler\translater.c(57,52): warning C4133: “函数”: 从“ListObject *”到“Object *”的类型不兼容
E:\王永健\王永健的文件夹\IntegratedProjects\c--\c--1.4\Compiler\translater.c(60,3): warning C4133: “函数”: 从“ListObject *”到“Object *”的类型不兼容
E:\王永健\王永健的文件夹\IntegratedProjects\c--\c--1.4\Compiler\translater.c(68,60): warning C4133: “函数”: 从“DictObject *”到“Object *”的类型不兼容
E:\王永健\王永健的文件夹\IntegratedProjects\c--\c--1.4\Compiler\translater.c(68,75): warning C4133: “函数”: 从“StringObject *”到“Object *”的类型不兼容
E:\王永健\王永健的文件夹\IntegratedProjects\c--\c--1.4\Compiler\translater.c(70,3): warning C4133: “函数”: 从“ListObject *”到“Object *”的类型不兼容
E:\王永健\王永健的文件夹\IntegratedProjects\c--\c--1.4\Compiler\translater.c(75,63): warning C4133: “函数”: 从“ListObject *”到“Object *”的类型不兼容
E:\王永健\王永健的文件夹\IntegratedProjects\c--\c--1.4\Compiler\translater.c(75,78): warning C4133: “函数”: 从“StringObject *”到“Object *”的类型不兼容
E:\王永健\王永健的文件夹\IntegratedProjects\c--\c--1.4\Compiler\translater.c(79,54): warning C4133: “函数”: 从“ListObject *”到“Object *”的类型不兼容
E:\王永健\王永健的文件夹\IntegratedProjects\c--\c--1.4\Compiler\translater.c(79,105): warning C4133: “函数”: 从“StringObject *”到“Object *”的类型不兼容
E:\王永健\王永健的文件夹\IntegratedProjects\c--\c--1.4\Compiler\translater.c(98,3): warning C4133: “函数”: 从“ListObject *”到“Object *”的类型不兼容
E:\王永健\王永健的文件夹\IntegratedProjects\c--\c--1.4\Compiler\translater.c(103,63): warning C4133: “函数”: 从“ListObject *”到“Object *”的类型不兼容
E:\王永健\王永健的文件夹\IntegratedProjects\c--\c--1.4\Compiler\translater.c(107,54): warning C4133: “函数”: 从“ListObject *”到“Object *”的类型不兼容
E:\王永健\王永健的文件夹\IntegratedProjects\c--\c--1.4\Compiler\translater.c(111,3): warning C4133: “函数”: 从“ListObject *”到“Object *”的类型不兼容
E:\王永健\王永健的文件夹\IntegratedProjects\c--\c--1.4\Compiler\translater.c(117,54): warning C4133: “函数”: 从“ListObject *”到“Object *”的类型不兼容
E:\王永健\王永健的文件夹\IntegratedProjects\c--\c--1.4\Compiler\translater.c(133,3): warning C4133: “函数”: 从“ListObject *”到“Object *”的类型不兼容
E:\王永健\王永健的文件夹\IntegratedProjects\c--\c--1.4\Compiler\translater.c(147,5): warning C4133: “函数”: 从“ListObject *”到“Object *”的类型不兼容
E:\王永健\王永健的文件夹\IntegratedProjects\c--\c--1.4\Compiler\translater.c(149,5): warning C4133: “函数”: 从“ListObject *”到“Object *”的类型不兼容
E:\王永健\王永健的文件夹\IntegratedProjects\c--\c--1.4\Compiler\translater.c(152,51): warning C4133: “函数”: 从“ListObject *”到“Object *”的类型不兼容
E:\王永健\王永健的文件夹\IntegratedProjects\c--\c--1.4\Compiler\translater.c(158,65): warning C4133: “函数”: 从“ListObject *”到“Object *”的类型不兼容
E:\王永健\王永健的文件夹\IntegratedProjects\c--\c--1.4\Compiler\translater.c(158,77): warning C4133: “函数”: 从“StringObject *”到“Object *”的类型不兼容
E:\王永健\王永健的文件夹\IntegratedProjects\c--\c--1.4\Compiler\translater.c(162,56): warning C4133: “函数”: 从“ListObject *”到“Object *”的类型不兼容
E:\王永健\王永健的文件夹\IntegratedProjects\c--\c--1.4\Compiler\translater.c(162,104): warning C4133: “函数”: 从“StringObject *”到“Object *”的类型不兼容
E:\王永健\王永健的文件夹\IntegratedProjects\c--\c--1.4\Compiler\translater.c(166,5): warning C4133: “函数”: 从“ListObject *”到“Object *”的类型不兼容
E:\王永健\王永健的文件夹\IntegratedProjects\c--\c--1.4\Compiler\translater.c(177,5): warning C4133: “函数”: 从“ListObject *”到“Object *”的类型不兼容
E:\王永健\王永健的文件夹\IntegratedProjects\c--\c--1.4\Compiler\translater.c(190,3): warning C4133: “函数”: 从“ListObject *”到“Object *”的类型不兼容
E:\王永健\王永健的文件夹\IntegratedProjects\c--\c--1.4\Compiler\translater.c(195,4): warning C4133: “函数”: 从“ListObject *”到“Object *”的类型不兼容
E:\王永健\王永健的文件夹\IntegratedProjects\c--\c--1.4\Compiler\translater.c(203,5): warning C4133: “函数”: 从“ListObject *”到“Object *”的类型不兼容
E:\王永健\王永健的文件夹\IntegratedProjects\c--\c--1.4\Compiler\translater.c(212,3): warning C4133: “函数”: 从“ListObject *”到“Object *”的类型不兼容
E:\王永健\王永健的文件夹\IntegratedProjects\c--\c--1.4\Compiler\translater.c(218,63): warning C4133: “函数”: 从“ListObject *”到“Object *”的类型不兼容
E:\王永健\王永健的文件夹\IntegratedProjects\c--\c--1.4\Compiler\translater.c(218,80): warning C4133: “函数”: 从“StringObject *”到“Object *”的类型不兼容
E:\王永健\王永健的文件夹\IntegratedProjects\c--\c--1.4\Compiler\translater.c(222,54): warning C4133: “函数”: 从“ListObject *”到“Object *”的类型不兼容
E:\王永健\王永健的文件夹\IntegratedProjects\c--\c--1.4\Compiler\translater.c(222,107): warning C4133: “函数”: 从“StringObject *”到“Object *”的类型不兼容
E:\王永健\王永健的文件夹\IntegratedProjects\c--\c--1.4\Compiler\translater.c(226,3): warning C4133: “函数”: 从“ListObject *”到“Object *”的类型不兼容
E:\王永健\王永健的文件夹\IntegratedProjects\c--\c--1.4\Compiler\translater.c(229,43): warning C4133: “函数”: 从“ListObject *”到“Object *”的类型不兼容
E:\王永健\王永健的文件夹\IntegratedProjects\c--\c--1.4\Compiler\translater.c(230,43): warning C4133: “函数”: 从“ListObject *”到“Object *”的类型不兼容
E:\王永健\王永健的文件夹\IntegratedProjects\c--\c--1.4\Compiler\translater.c(232,53): warning C4133: “函数”: 从“ListObject *”到“Object *”的类型不兼容
E:\王永健\王永健的文件夹\IntegratedProjects\c--\c--1.4\Compiler\translater.c(232,103): warning C4133: “函数”: 从“ByteCodeObject *”到“Object *”的类型不兼容
E:\王永健\王永健的文件夹\IntegratedProjects\c--\c--1.4\Compiler\translater.c(235,3): warning C4133: “函数”: 从“ListObject *”到“Object *”的类型不兼容
E:\王永健\王永健的文件夹\IntegratedProjects\c--\c--1.4\Compiler\translater.c(238,3): warning C4133: “函数”: 从“ListObject *”到“Object *”的类型不兼容
E:\王永健\王永健的文件夹\IntegratedProjects\c--\c--1.4\Compiler\translater.c(242,3): warning C4133: “函数”: 从“ListObject *”到“Object *”的类型不兼容
E:\王永健\王永健的文件夹\IntegratedProjects\c--\c--1.4\Compiler\translater.c(249,3): warning C4133: “函数”: 从“ListObject *”到“Object *”的类型不兼容
E:\王永健\王永健的文件夹\IntegratedProjects\c--\c--1.4\Compiler\translater.c(253,3): warning C4133: “函数”: 从“ListObject *”到“Object *”的类型不兼容
E:\王永健\王永健的文件夹\IntegratedProjects\c--\c--1.4\Compiler\translater.c(259,51): warning C4133: “函数”: 从“ListObject *”到“Object *”的类型不兼容
E:\王永健\王永健的文件夹\IntegratedProjects\c--\c--1.4\Compiler\translater.c(263,3): warning C4133: “函数”: 从“ListObject *”到“Object *”的类型不兼容
E:\王永健\王永健的文件夹\IntegratedProjects\c--\c--1.4\Compiler\translater.c(268,3): warning C4133: “函数”: 从“ListObject *”到“Object *”的类型不兼容
E:\王永健\王永健的文件夹\IntegratedProjects\c--\c--1.4\Compiler\translater.c(272,3): warning C4133: “函数”: 从“ListObject *”到“Object *”的类型不兼容
E:\王永健\王永健的文件夹\IntegratedProjects\c--\c--1.4\Compiler\translater.c(275,3): warning C4133: “函数”: 从“ListObject *”到“Object *”的类型不兼容
E:\王永健\王永健的文件夹\IntegratedProjects\c--\c--1.4\Compiler\translater.c(280,51): warning C4133: “函数”: 从“ListObject *”到“Object *”的类型不兼容
E:\王永健\王永健的文件夹\IntegratedProjects\c--\c--1.4\Compiler\translater.c(284,3): warning C4133: “函数”: 从“ListObject *”到“Object *”的类型不兼容
E:\王永健\王永健的文件夹\IntegratedProjects\c--\c--1.4\Compiler\translater.c(290,63): warning C4133: “函数”: 从“ListObject *”到“Object *”的类型不兼容
E:\王永健\王永健的文件夹\IntegratedProjects\c--\c--1.4\Compiler\translater.c(290,80): warning C4133: “函数”: 从“StringObject *”到“Object *”的类型不兼容
E:\王永健\王永健的文件夹\IntegratedProjects\c--\c--1.4\Compiler\translater.c(294,54): warning C4133: “函数”: 从“ListObject *”到“Object *”的类型不兼容
E:\王永健\王永健的文件夹\IntegratedProjects\c--\c--1.4\Compiler\translater.c(294,107): warning C4133: “函数”: 从“StringObject *”到“Object *”的类型不兼容
E:\王永健\王永健的文件夹\IntegratedProjects\c--\c--1.4\Compiler\translater.c(312,3): warning C4133: “函数”: 从“ListObject *”到“Object *”的类型不兼容
E:\王永健\王永健的文件夹\IntegratedProjects\c--\c--1.4\Compiler\translater.c(319,3): warning C4133: “函数”: 从“ListObject *”到“Object *”的类型不兼容
E:\王永健\王永健的文件夹\IntegratedProjects\c--\c--1.4\Compiler\translater.c(326,3): warning C4133: “函数”: 从“ListObject *”到“Object *”的类型不兼容
E:\王永健\王永健的文件夹\IntegratedProjects\c--\c--1.4\Compiler\translater.c(336,64): warning C4133: “函数”: 从“ListObject *”到“Object *”的类型不兼容
E:\王永健\王永健的文件夹\IntegratedProjects\c--\c--1.4\Compiler\translater.c(336,74): warning C4133: “函数”: 从“StringObject *”到“Object *”的类型不兼容
E:\王永健\王永健的文件夹\IntegratedProjects\c--\c--1.4\Compiler\translater.c(340,55): warning C4133: “函数”: 从“ListObject *”到“Object *”的类型不兼容
E:\王永健\王永健的文件夹\IntegratedProjects\c--\c--1.4\Compiler\translater.c(340,101): warning C4133: “函数”: 从“StringObject *”到“Object *”的类型不兼容
E:\王永健\王永健的文件夹\IntegratedProjects\c--\c--1.4\Compiler\translater.c(347,64): warning C4133: “函数”: 从“ListObject *”到“Object *”的类型不兼容
E:\王永健\王永健的文件夹\IntegratedProjects\c--\c--1.4\Compiler\translater.c(347,74): warning C4133: “函数”: 从“StringObject *”到“Object *”的类型不兼容
E:\王永健\王永健的文件夹\IntegratedProjects\c--\c--1.4\Compiler\translater.c(351,55): warning C4133: “函数”: 从“ListObject *”到“Object *”的类型不兼容
E:\王永健\王永健的文件夹\IntegratedProjects\c--\c--1.4\Compiler\translater.c(351,101): warning C4133: “函数”: 从“StringObject *”到“Object *”的类型不兼容
E:\王永健\王永健的文件夹\IntegratedProjects\c--\c--1.4\Compiler\translater.c(357,3): warning C4133: “函数”: 从“ListObject *”到“Object *”的类型不兼容
E:\王永健\王永健的文件夹\IntegratedProjects\c--\c--1.4\Compiler\translater.c(363,63): warning C4133: “函数”: 从“ListObject *”到“Object *”的类型不兼容
E:\王永健\王永健的文件夹\IntegratedProjects\c--\c--1.4\Compiler\translater.c(363,80): warning C4133: “函数”: 从“StringObject *”到“Object *”的类型不兼容
E:\王永健\王永健的文件夹\IntegratedProjects\c--\c--1.4\Compiler\translater.c(367,54): warning C4133: “函数”: 从“ListObject *”到“Object *”的类型不兼容
E:\王永健\王永健的文件夹\IntegratedProjects\c--\c--1.4\Compiler\translater.c(367,107): warning C4133: “函数”: 从“StringObject *”到“Object *”的类型不兼容
E:\王永健\王永健的文件夹\IntegratedProjects\c--\c--1.4\Compiler\translater.c(371,3): warning C4133: “函数”: 从“ListObject *”到“Object *”的类型不兼容
E:\王永健\王永健的文件夹\IntegratedProjects\c--\c--1.4\Compiler\translater.c(373,52): warning C4133: “函数”: 从“ListObject *”到“Object *”的类型不兼容
E:\王永健\王永健的文件夹\IntegratedProjects\c--\c--1.4\Compiler\translater.c(376,43): warning C4133: “函数”: 从“ListObject *”到“Object *”的类型不兼容
E:\王永健\王永健的文件夹\IntegratedProjects\c--\c--1.4\Compiler\translater.c(378,43): warning C4133: “函数”: 从“ListObject *”到“Object *”的类型不兼容
E:\王永健\王永健的文件夹\IntegratedProjects\c--\c--1.4\Compiler\translater.c(379,43): warning C4133: “函数”: 从“ListObject *”到“Object *”的类型不兼容
E:\王永健\王永健的文件夹\IntegratedProjects\c--\c--1.4\Compiler\translater.c(380,53): warning C4133: “函数”: 从“ListObject *”到“Object *”的类型不兼容
E:\王永健\王永健的文件夹\IntegratedProjects\c--\c--1.4\Compiler\translater.c(380,103): warning C4133: “函数”: 从“ByteCodeObject *”到“Object *”的类型不兼容
E:\王永健\王永健的文件夹\IntegratedProjects\c--\c--1.4\Compiler\translater.c(384,3): warning C4133: “函数”: 从“ListObject *”到“Object *”的类型不兼容
E:\王永健\王永健的文件夹\IntegratedProjects\c--\c--1.4\Compiler\translater.c(388,3): warning C4133: “函数”: 从“ListObject *”到“Object *”的类型不兼容
E:\王永健\王永健的文件夹\IntegratedProjects\c--\c--1.4\Compiler\translater.c(392,3): warning C4133: “函数”: 从“ListObject *”到“Object *”的类型不兼容
E:\王永健\王永健的文件夹\IntegratedProjects\c--\c--1.4\Compiler\translater.c(396,3): warning C4133: “函数”: 从“ListObject *”到“Object *”的类型不兼容
E:\王永健\王永健的文件夹\IntegratedProjects\c--\c--1.4\Compiler\translater.c(403,3): warning C4133: “函数”: 从“ListObject *”到“Object *”的类型不兼容
E:\王永健\王永健的文件夹\IntegratedProjects\c--\c--1.4\Compiler\translater.c(407,51): warning C4133: “函数”: 从“ListObject *”到“Object *”的类型不兼容
E:\王永健\王永健的文件夹\IntegratedProjects\c--\c--1.4\Compiler\translater.c(409,3): warning C4133: “函数”: 从“ListObject *”到“Object *”的类型不兼容
E:\王永健\王永健的文件夹\IntegratedProjects\c--\c--1.4\Compiler\translater.c(413,3): warning C4133: “函数”: 从“ListObject *”到“Object *”的类型不兼容
E:\王永健\王永健的文件夹\IntegratedProjects\c--\c--1.4\Compiler\translater.c(416,53): warning C4133: “函数”: 从“ListObject *”到“Object *”的类型不兼容
E:\王永健\王永健的文件夹\IntegratedProjects\c--\c--1.4\Compiler\translater.c(420,3): warning C4133: “函数”: 从“ListObject *”到“Object *”的类型不兼容
E:\王永健\王永健的文件夹\IntegratedProjects\c--\c--1.4\Compiler\translater.c(68,1): warning C4133: “初始化”: 从“Object *”到“IntObject *”的类型不兼容
  eval.c
E:\王永健\王永健的文件夹\IntegratedProjects\c--\c--1.4\Include\object.h(100,1): warning C4113: “Object *(__cdecl *)(Object *,Object *)”和“SetItem”的参数列表不同
E:\王永健\王永健的文件夹\IntegratedProjects\c--\c--1.4\Include\object.h(100,1): warning C4047: “初始化”:“SetItem”与“Object *(__cdecl *)(Object *,Object *)”的间接级别不同
E:\王永健\王永健的文件夹\IntegratedProjects\c--\c--1.4\Interpreter\eval.c(23,31): warning C4133: “函数”: 从“ListObject *”到“Object *”的类型不兼容
E:\王永健\王永健的文件夹\IntegratedProjects\c--\c--1.4\Interpreter\eval.c(26,39): warning C4133: “函数”: 从“DictObject *”到“Object *”的类型不兼容
E:\王永健\王永健的文件夹\IntegratedProjects\c--\c--1.4\Interpreter\eval.c(27,32): warning C4133: “函数”: 从“ListObject *”到“Object *”的类型不兼容
E:\王永健\王永健的文件夹\IntegratedProjects\c--\c--1.4\Interpreter\eval.c(32,60): warning C4133: “函数”: 从“DictObject *”到“Object *”的类型不兼容
E:\王永健\王永健的文件夹\IntegratedProjects\c--\c--1.4\Interpreter\eval.c(35,47): warning C4133: “函数”: 从“DictObject *”到“Object *”的类型不兼容
E:\王永健\王永健的文件夹\IntegratedProjects\c--\c--1.4\Interpreter\eval.c(38,88): warning C4133: “函数”: 从“Object *”到“StringObject *”的类型不兼容
E:\王永健\王永健的文件夹\IntegratedProjects\c--\c--1.4\Interpreter\eval.c(38,115): warning C4133: “=”: 从“Object *”到“ExceptionObject *”的类型不兼容
E:\王永健\王永健的文件夹\IntegratedProjects\c--\c--1.4\Interpreter\eval.c(42,31): warning C4133: “函数”: 从“ListObject *”到“Object *”的类型不兼容
E:\王永健\王永健的文件夹\IntegratedProjects\c--\c--1.4\Interpreter\eval.c(48,32): warning C4133: “函数”: 从“ListObject *”到“Object *”的类型不兼容
E:\王永健\王永健的文件夹\IntegratedProjects\c--\c--1.4\Interpreter\eval.c(50,32): warning C4133: “函数”: 从“ListObject *”到“Object *”的类型不兼容
E:\王永健\王永健的文件夹\IntegratedProjects\c--\c--1.4\Interpreter\eval.c(56,31): warning C4133: “函数”: 从“ListObject *”到“Object *”的类型不兼容
E:\王永健\王永健的文件夹\IntegratedProjects\c--\c--1.4\Interpreter\eval.c(62,32): warning C4133: “函数”: 从“ListObject *”到“Object *”的类型不兼容
E:\王永健\王永健的文件夹\IntegratedProjects\c--\c--1.4\Interpreter\eval.c(64,32): warning C4133: “函数”: 从“ListObject *”到“Object *”的类型不兼容
E:\王永健\王永健的文件夹\IntegratedProjects\c--\c--1.4\Interpreter\eval.c(70,31): warning C4133: “函数”: 从“ListObject *”到“Object *”的类型不兼容
E:\王永健\王永健的文件夹\IntegratedProjects\c--\c--1.4\Interpreter\eval.c(76,32): warning C4133: “函数”: 从“ListObject *”到“Object *”的类型不兼容
E:\王永健\王永健的文件夹\IntegratedProjects\c--\c--1.4\Interpreter\eval.c(78,32): warning C4133: “函数”: 从“ListObject *”到“Object *”的类型不兼容
E:\王永健\王永健的文件夹\IntegratedProjects\c--\c--1.4\Interpreter\eval.c(84,31): warning C4133: “函数”: 从“ListObject *”到“Object *”的类型不兼容
E:\王永健\王永健的文件夹\IntegratedProjects\c--\c--1.4\Interpreter\eval.c(90,32): warning C4133: “函数”: 从“ListObject *”到“Object *”的类型不兼容
E:\王永健\王永健的文件夹\IntegratedProjects\c--\c--1.4\Interpreter\eval.c(92,32): warning C4133: “函数”: 从“ListObject *”到“Object *”的类型不兼容
E:\王永健\王永健的文件夹\IntegratedProjects\c--\c--1.4\Interpreter\eval.c(98,31): warning C4133: “函数”: 从“ListObject *”到“Object *”的类型不兼容
E:\王永健\王永健的文件夹\IntegratedProjects\c--\c--1.4\Interpreter\eval.c(104,32): warning C4133: “函数”: 从“ListObject *”到“Object *”的类型不兼容
E:\王永健\王永健的文件夹\IntegratedProjects\c--\c--1.4\Interpreter\eval.c(106,32): warning C4133: “函数”: 从“ListObject *”到“Object *”的类型不兼容
E:\王永健\王永健的文件夹\IntegratedProjects\c--\c--1.4\Interpreter\eval.c(112,31): warning C4133: “函数”: 从“ListObject *”到“Object *”的类型不兼容
E:\王永健\王永健的文件夹\IntegratedProjects\c--\c--1.4\Interpreter\eval.c(118,32): warning C4133: “函数”: 从“ListObject *”到“Object *”的类型不兼容
E:\王永健\王永健的文件夹\IntegratedProjects\c--\c--1.4\Interpreter\eval.c(120,32): warning C4133: “函数”: 从“ListObject *”到“Object *”的类型不兼容
E:\王永健\王永健的文件夹\IntegratedProjects\c--\c--1.4\Interpreter\eval.c(126,31): warning C4133: “函数”: 从“ListObject *”到“Object *”的类型不兼容
E:\王永健\王永健的文件夹\IntegratedProjects\c--\c--1.4\Interpreter\eval.c(132,32): warning C4133: “函数”: 从“ListObject *”到“Object *”的类型不兼容
E:\王永健\王永健的文件夹\IntegratedProjects\c--\c--1.4\Interpreter\eval.c(134,32): warning C4133: “函数”: 从“ListObject *”到“Object *”的类型不兼容
E:\王永健\王永健的文件夹\IntegratedProjects\c--\c--1.4\Interpreter\eval.c(140,31): warning C4133: “函数”: 从“ListObject *”到“Object *”的类型不兼容
E:\王永健\王永健的文件夹\IntegratedProjects\c--\c--1.4\Interpreter\eval.c(146,32): warning C4133: “函数”: 从“ListObject *”到“Object *”的类型不兼容
E:\王永健\王永健的文件夹\IntegratedProjects\c--\c--1.4\Interpreter\eval.c(148,32): warning C4133: “函数”: 从“ListObject *”到“Object *”的类型不兼容
E:\王永健\王永健的文件夹\IntegratedProjects\c--\c--1.4\Interpreter\eval.c(154,31): warning C4133: “函数”: 从“ListObject *”到“Object *”的类型不兼容
E:\王永健\王永健的文件夹\IntegratedProjects\c--\c--1.4\Interpreter\eval.c(160,32): warning C4133: “函数”: 从“ListObject *”到“Object *”的类型不兼容
E:\王永健\王永健的文件夹\IntegratedProjects\c--\c--1.4\Interpreter\eval.c(162,32): warning C4133: “函数”: 从“ListObject *”到“Object *”的类型不兼容
E:\王永健\王永健的文件夹\IntegratedProjects\c--\c--1.4\Interpreter\eval.c(168,31): warning C4133: “函数”: 从“ListObject *”到“Object *”的类型不兼容
E:\王永健\王永健的文件夹\IntegratedProjects\c--\c--1.4\Interpreter\eval.c(174,32): warning C4133: “函数”: 从“ListObject *”到“Object *”的类型不兼容
E:\王永健\王永健的文件夹\IntegratedProjects\c--\c--1.4\Interpreter\eval.c(176,32): warning C4133: “函数”: 从“ListObject *”到“Object *”的类型不兼容
E:\王永健\王永健的文件夹\IntegratedProjects\c--\c--1.4\Interpreter\eval.c(182,31): warning C4133: “函数”: 从“ListObject *”到“Object *”的类型不兼容
E:\王永健\王永健的文件夹\IntegratedProjects\c--\c--1.4\Interpreter\eval.c(188,32): warning C4133: “函数”: 从“ListObject *”到“Object *”的类型不兼容
E:\王永健\王永健的文件夹\IntegratedProjects\c--\c--1.4\Interpreter\eval.c(190,32): warning C4133: “函数”: 从“ListObject *”到“Object *”的类型不兼容
E:\王永健\王永健的文件夹\IntegratedProjects\c--\c--1.4\Interpreter\eval.c(196,31): warning C4133: “函数”: 从“ListObject *”到“Object *”的类型不兼容
E:\王永健\王永健的文件夹\IntegratedProjects\c--\c--1.4\Interpreter\eval.c(202,32): warning C4133: “函数”: 从“ListObject *”到“Object *”的类型不兼容
E:\王永健\王永健的文件夹\IntegratedProjects\c--\c--1.4\Interpreter\eval.c(204,32): warning C4133: “函数”: 从“ListObject *”到“Object *”的类型不兼容
E:\王永健\王永健的文件夹\IntegratedProjects\c--\c--1.4\Interpreter\eval.c(210,31): warning C4133: “函数”: 从“ListObject *”到“Object *”的类型不兼容
E:\王永健\王永健的文件夹\IntegratedProjects\c--\c--1.4\Interpreter\eval.c(216,32): warning C4133: “函数”: 从“ListObject *”到“Object *”的类型不兼容
E:\王永健\王永健的文件夹\IntegratedProjects\c--\c--1.4\Interpreter\eval.c(218,32): warning C4133: “函数”: 从“ListObject *”到“Object *”的类型不兼容
E:\王永健\王永健的文件夹\IntegratedProjects\c--\c--1.4\Interpreter\eval.c(224,31): warning C4133: “函数”: 从“ListObject *”到“Object *”的类型不兼容
E:\王永健\王永健的文件夹\IntegratedProjects\c--\c--1.4\Interpreter\eval.c(230,32): warning C4133: “函数”: 从“ListObject *”到“Object *”的类型不兼容
E:\王永健\王永健的文件夹\IntegratedProjects\c--\c--1.4\Interpreter\eval.c(245,32): warning C4133: “函数”: 从“ListObject *”到“Object *”的类型不兼容
E:\王永健\王永健的文件夹\IntegratedProjects\c--\c--1.4\Interpreter\eval.c(252,32): warning C4133: “函数”: 从“ListObject *”到“Object *”的类型不兼容
E:\王永健\王永健的文件夹\IntegratedProjects\c--\c--1.4\Interpreter\eval.c(254,32): warning C4133: “函数”: 从“ListObject *”到“Object *”的类型不兼容
E:\王永健\王永健的文件夹\IntegratedProjects\c--\c--1.4\Interpreter\eval.c(256,31): warning C4133: “函数”: 从“ListObject *”到“Object *”的类型不兼容
E:\王永健\王永健的文件夹\IntegratedProjects\c--\c--1.4\Interpreter\eval.c(256,50): warning C4133: “函数”: 从“FunctionObject *”到“Object *”的类型不兼容
E:\王永健\王永健的文件夹\IntegratedProjects\c--\c--1.4\Interpreter\eval.c(262,32): warning C4133: “函数”: 从“ListObject *”到“Object *”的类型不兼容
E:\王永健\王永健的文件夹\IntegratedProjects\c--\c--1.4\Interpreter\eval.c(266,31): warning C4133: “函数”: 从“ListObject *”到“Object *”的类型不兼容
E:\王永健\王永健的文件夹\IntegratedProjects\c--\c--1.4\Interpreter\eval.c(267,33): warning C4133: “函数”: 从“ListObject *”到“Object *”的类型不兼容
E:\王永健\王永健的文件夹\IntegratedProjects\c--\c--1.4\Interpreter\eval.c(269,31): warning C4133: “函数”: 从“ListObject *”到“Object *”的类型不兼容
E:\王永健\王永健的文件夹\IntegratedProjects\c--\c--1.4\Interpreter\eval.c(274,39): warning C4133: “函数”: 从“DictObject *”到“Object *”的类型不兼容
E:\王永健\王永健的文件夹\IntegratedProjects\c--\c--1.4\Interpreter\eval.c(275,32): warning C4133: “函数”: 从“ListObject *”到“Object *”的类型不兼容
E:\王永健\王永健的文件夹\IntegratedProjects\c--\c--1.4\Interpreter\eval.c(283,31): warning C4133: “函数”: 从“ListObject *”到“Object *”的类型不兼容
E:\王永健\王永健的文件夹\IntegratedProjects\c--\c--1.4\Interpreter\eval.c(284,33): warning C4133: “函数”: 从“ListObject *”到“Object *”的类型不兼容
E:\王永健\王永健的文件夹\IntegratedProjects\c--\c--1.4\Interpreter\eval.c(286,31): warning C4133: “函数”: 从“ListObject *”到“Object *”的类型不兼容
E:\王永健\王永健的文件夹\IntegratedProjects\c--\c--1.4\Interpreter\eval.c(286,50): warning C4133: “函数”: 从“ListObject *”到“Object *”的类型不兼容
E:\王永健\王永健的文件夹\IntegratedProjects\c--\c--1.4\Interpreter\eval.c(292,32): warning C4133: “函数”: 从“ListObject *”到“Object *”的类型不兼容
E:\王永健\王永健的文件夹\IntegratedProjects\c--\c--1.4\Interpreter\eval.c(294,32): warning C4133: “函数”: 从“ListObject *”到“Object *”的类型不兼容
E:\王永健\王永健的文件夹\IntegratedProjects\c--\c--1.4\Interpreter\eval.c(296,31): warning C4133: “函数”: 从“ListObject *”到“Object *”的类型不兼容
E:\王永健\王永健的文件夹\IntegratedProjects\c--\c--1.4\Interpreter\eval.c(302,32): warning C4133: “函数”: 从“ListObject *”到“Object *”的类型不兼容
E:\王永健\王永健的文件夹\IntegratedProjects\c--\c--1.4\Interpreter\eval.c(304,32): warning C4133: “函数”: 从“ListObject *”到“Object *”的类型不兼容
E:\王永健\王永健的文件夹\IntegratedProjects\c--\c--1.4\Interpreter\eval.c(306,32): warning C4133: “函数”: 从“ListObject *”到“Object *”的类型不兼容
E:\王永健\王永健的文件夹\IntegratedProjects\c--\c--1.4\Interpreter\eval.c(315,32): warning C4133: “函数”: 从“ListObject *”到“Object *”的类型不兼容
E:\王永健\王永健的文件夹\IntegratedProjects\c--\c--1.4\Interpreter\eval.c(316,31): warning C4133: “函数”: 从“ListObject *”到“Object *”的类型不兼容
E:\王永健\王永健的文件夹\IntegratedProjects\c--\c--1.4\Interpreter\eval.c(323,32): warning C4133: “函数”: 从“ListObject *”到“Object *”的类型不兼容
E:\王永健\王永健的文件夹\IntegratedProjects\c--\c--1.4\Interpreter\eval.c(325,32): warning C4133: “函数”: 从“ListObject *”到“Object *”的类型不兼容
E:\王永健\王永健的文件夹\IntegratedProjects\c--\c--1.4\Interpreter\eval.c(332,32): warning C4133: “函数”: 从“ListObject *”到“Object *”的类型不兼容
E:\王永健\王永健的文件夹\IntegratedProjects\c--\c--1.4\Interpreter\eval.c(333,30): warning C4133: “函数”: 从“ListObject *”到“Object *”的类型不兼容
E:\王永健\王永健的文件夹\IntegratedProjects\c--\c--1.4\Interpreter\eval.c(338,31): warning C4133: “函数”: 从“ListObject *”到“Object *”的类型不兼容
E:\王永健\王永健的文件夹\IntegratedProjects\c--\c--1.4\Interpreter\eval.c(342,31): warning C4133: “函数”: 从“ListObject *”到“Object *”的类型不兼容
E:\王永健\王永健的文件夹\IntegratedProjects\c--\c--1.4\Interpreter\eval.c(345,32): warning C4133: “函数”: 从“ListObject *”到“Object *”的类型不兼容
E:\王永健\王永健的文件夹\IntegratedProjects\c--\c--1.4\Interpreter\eval.c(349,32): warning C4133: “函数”: 从“ListObject *”到“Object *”的类型不兼容
E:\王永健\王永健的文件夹\IntegratedProjects\c--\c--1.4\Interpreter\eval.c(352,38): warning C4133: “函数”: 从“ListObject *”到“Object *”的类型不兼容
E:\王永健\王永健的文件夹\IntegratedProjects\c--\c--1.4\Interpreter\eval.c(356,33): warning C4133: “函数”: 从“ListObject *”到“Object *”的类型不兼容
E:\王永健\王永健的文件夹\IntegratedProjects\c--\c--1.4\Interpreter\eval.c(361,38): warning C4133: “函数”: 从“ListObject *”到“Object *”的类型不兼容
E:\王永健\王永健的文件夹\IntegratedProjects\c--\c--1.4\Interpreter\eval.c(373,52): warning C4133: “函数”: 从“Object *”到“StringObject *”的类型不兼容
E:\王永健\王永健的文件夹\IntegratedProjects\c--\c--1.4\Interpreter\eval.c(374,31): warning C4133: “函数”: 从“ListObject *”到“Object *”的类型不兼容
E:\王永健\王永健的文件夹\IntegratedProjects\c--\c--1.4\Interpreter\eval.c(374,48): warning C4133: “函数”: 从“NamespaceObject *”到“Object *”的类型不兼容
E:\王永健\王永健的文件夹\IntegratedProjects\c--\c--1.4\Interpreter\eval.c(378,31): warning C4133: “函数”: 从“ListObject *”到“Object *”的类型不兼容
E:\王永健\王永健的文件夹\IntegratedProjects\c--\c--1.4\Interpreter\eval.c(378,62): warning C4133: “函数”: 从“DictObject *”到“Object *”的类型不兼容
E:\王永健\王永健的文件夹\IntegratedProjects\c--\c--1.4\Interpreter\eval.c(384,32): warning C4133: “函数”: 从“ListObject *”到“Object *”的类型不兼容
E:\王永健\王永健的文件夹\IntegratedProjects\c--\c--1.4\Interpreter\eval.c(387,45): warning C4133: “函数”: 从“ListObject *”到“Object *”的类型不兼容
E:\王永健\王永健的文件夹\IntegratedProjects\c--\c--1.4\Interpreter\eval.c(388,33): warning C4133: “函数”: 从“ListObject *”到“Object *”的类型不兼容
E:\王永健\王永健的文件夹\IntegratedProjects\c--\c--1.4\Interpreter\eval.c(390,51): warning C4133: “=”: 从“Object *”到“StringObject *”的类型不兼容
E:\王永健\王永健的文件夹\IntegratedProjects\c--\c--1.4\Interpreter\eval.c(391,32): warning C4133: “函数”: 从“ListObject *”到“Object *”的类型不兼容
E:\王永健\王永健的文件夹\IntegratedProjects\c--\c--1.4\Interpreter\eval.c(395,41): warning C4133: “函数”: 从“DictObject *”到“Object *”的类型不兼容
E:\王永健\王永健的文件夹\IntegratedProjects\c--\c--1.4\Interpreter\eval.c(398,31): warning C4133: “函数”: 从“ListObject *”到“Object *”的类型不兼容
E:\王永健\王永健的文件夹\IntegratedProjects\c--\c--1.4\Interpreter\eval.c(398,57): warning C4133: “函数”: 从“ClassObject *”到“Object *”的类型不兼容
E:\王永健\王永健的文件夹\IntegratedProjects\c--\c--1.4\Interpreter\eval.c(414,34): warning C4133: “函数”: 从“ListObject *”到“Object *”的类型不兼容
E:\王永健\王永健的文件夹\IntegratedProjects\c--\c--1.4\Interpreter\eval.c(10,1): warning C4133: “初始化”: 从“Object *”到“ListObject *”的类型不兼容
E:\王永健\王永健的文件夹\IntegratedProjects\c--\c--1.4\Interpreter\eval.c(11,1): warning C4133: “初始化”: 从“Object *”到“ListObject *”的类型不兼容
E:\王永健\王永健的文件夹\IntegratedProjects\c--\c--1.4\Interpreter\eval.c(251,1): warning C4133: “初始化”: 从“Object *”到“ByteCodeObject *”的类型不兼容
E:\王永健\王永健的文件夹\IntegratedProjects\c--\c--1.4\Interpreter\eval.c(253,1): warning C4133: “初始化”: 从“Object *”到“StringObject *”的类型不兼容
E:\王永健\王永健的文件夹\IntegratedProjects\c--\c--1.4\Interpreter\eval.c(263,1): warning C4133: “初始化”: 从“Object *”到“ListObject *”的类型不兼容
E:\王永健\王永健的文件夹\IntegratedProjects\c--\c--1.4\Interpreter\eval.c(280,1): warning C4133: “初始化”: 从“Object *”到“ListObject *”的类型不兼容
E:\王永健\王永健的文件夹\IntegratedProjects\c--\c--1.4\Interpreter\eval.c(350,1): warning C4133: “初始化”: 从“Object *”到“BlockObject *”的类型不兼容
E:\王永健\王永健的文件夹\IntegratedProjects\c--\c--1.4\Interpreter\eval.c(360,1): warning C4133: “初始化”: 从“Object *”到“BlockObject *”的类型不兼容
E:\王永健\王永健的文件夹\IntegratedProjects\c--\c--1.4\Interpreter\eval.c(366,1): warning C4133: “初始化”: 从“Object *”到“BlockObject *”的类型不兼容
E:\王永健\王永健的文件夹\IntegratedProjects\c--\c--1.4\Interpreter\eval.c(382,1): warning C4133: “初始化”: 从“Object *”到“ClassObject *”的类型不兼容
E:\王永健\王永健的文件夹\IntegratedProjects\c--\c--1.4\Interpreter\eval.c(383,1): warning C4133: “初始化”: 从“Object *”到“DictObject *”的类型不兼容
E:\王永健\王永健的文件夹\IntegratedProjects\c--\c--1.4\Interpreter\eval.c(410,1): warning C4133: “初始化”: 从“Object *”到“BlockObject *”的类型不兼容
E:\王永健\王永健的文件夹\IntegratedProjects\c--\c--1.4\Interpreter\eval.c(8,21): warning C4101: “index”: 未引用的局部变量
E:\王永健\王永健的文件夹\IntegratedProjects\c--\c--1.4\Interpreter\eval.c(431,1): warning C4133: “初始化”: 从“Object *”到“FunctionObject *”的类型不兼容
E:\王永健\王永健的文件夹\IntegratedProjects\c--\c--1.4\Interpreter\eval.c(440,37): warning C4133: “函数”: 从“ListObject *”到“Object *”的类型不兼容
E:\王永健\王永健的文件夹\IntegratedProjects\c--\c--1.4\Interpreter\eval.c(446,38): warning C4133: “函数”: 从“StringObject *”到“Object *”的类型不兼容
E:\王永健\王永健的文件夹\IntegratedProjects\c--\c--1.4\Interpreter\eval.c(446,75): warning C4133: “=”: 从“Object *”到“StringObject *”的类型不兼容
  main.c
E:\王永健\王永健的文件夹\IntegratedProjects\c--\c--1.4\Include\object.h(100,1): warning C4113: “Object *(__cdecl *)(Object *,Object *)”和“SetItem”的参数列表不同
E:\王永健\王永健的文件夹\IntegratedProjects\c--\c--1.4\Include\object.h(100,1): warning C4047: “初始化”:“SetItem”与“Object *(__cdecl *)(Object *,Object *)”的间接级别不同
E:\王永健\王永健的文件夹\IntegratedProjects\c--\c--1.4\main.c(21,54): warning C4133: “函数”: 从“StringObject *”到“Preprocessor *”的类型不兼容
E:\王永健\王永健的文件夹\IntegratedProjects\c--\c--1.4\main.c(27,44): warning C4133: “函数”: 从“NameSpaceASTObject *”到“Object *”的类型不兼容
E:\王永健\王永健的文件夹\IntegratedProjects\c--\c--1.4\main.c(24,1): warning C4133: “初始化”: 从“Object *”到“NameSpaceASTObject *”的类型不兼容
E:\王永健\王永健的文件夹\IntegratedProjects\c--\c--1.4\main.c(29,1): warning C4133: “初始化”: 从“Object *”到“NamespaceObject *”的类型不兼容
E:\王永健\王永健的文件夹\IntegratedProjects\c--\c--1.4\main.c(30,1): warning C4133: “初始化”: 从“Object *”到“FrameObject *”的类型不兼容
E:\王永健\王永健的文件夹\IntegratedProjects\c--\c--1.4\main.c(76,44): warning C4133: “函数”: 从“NameSpaceASTObject *”到“Object *”的类型不兼容
E:\王永健\王永健的文件夹\IntegratedProjects\c--\c--1.4\main.c(77,44): warning C4133: “函数”: 从“ByteCodeObject *”到“Object *”的类型不兼容
E:\王永健\王永健的文件夹\IntegratedProjects\c--\c--1.4\main.c(71,1): warning C4133: “初始化”: 从“Object *”到“NameSpaceASTObject *”的类型不兼容
E:\王永健\王永健的文件夹\IntegratedProjects\c--\c--1.4\main.c(79,1): warning C4133: “初始化”: 从“Object *”到“NamespaceObject *”的类型不兼容
E:\王永健\王永健的文件夹\IntegratedProjects\c--\c--1.4\main.c(80,1): warning C4133: “初始化”: 从“Object *”到“FrameObject *”的类型不兼容
  astobject.c
E:\王永健\王永健的文件夹\IntegratedProjects\c--\c--1.4\Include\object.h(100,1): warning C4113: “Object *(__cdecl *)(Object *,Object *)”和“SetItem”的参数列表不同
E:\王永健\王永健的文件夹\IntegratedProjects\c--\c--1.4\Include\object.h(100,1): warning C4047: “初始化”:“SetItem”与“Object *(__cdecl *)(Object *,Object *)”的间接级别不同
E:\王永健\王永健的文件夹\IntegratedProjects\c--\c--1.4\Objects\astobject.c(9,36): warning C4133: “=”: 从“Object *”到“ListObject *”的类型不兼容
E:\王永健\王永健的文件夹\IntegratedProjects\c--\c--1.4\Objects\astobject.c(15,1): warning C4133: “初始化”: 从“Object *”到“NameSpaceASTObject *”的类型不兼容
E:\王永健\王永健的文件夹\IntegratedProjects\c--\c--1.4\Objects\astobject.c(28,36): warning C4133: “=”: 从“Object *”到“ListObject *”的类型不兼容
E:\王永健\王永健的文件夹\IntegratedProjects\c--\c--1.4\Objects\astobject.c(29,37): warning C4133: “=”: 从“Object *”到“ListObject *”的类型不兼容
E:\王永健\王永健的文件夹\IntegratedProjects\c--\c--1.4\Objects\astobject.c(35,1): warning C4133: “初始化”: 从“Object *”到“IfASTObject *”的类型不兼容
E:\王永健\王永健的文件夹\IntegratedProjects\c--\c--1.4\Objects\astobject.c(46,36): warning C4133: “=”: 从“Object *”到“StringObject *”的类型不兼容
E:\王永健\王永健的文件夹\IntegratedProjects\c--\c--1.4\Objects\astobject.c(52,1): warning C4133: “初始化”: 从“Object *”到“OperationASTObject *”的类型不兼容
E:\王永健\王永健的文件夹\IntegratedProjects\c--\c--1.4\Objects\astobject.c(63,36): warning C4133: “=”: 从“Object *”到“StringObject *”的类型不兼容
E:\王永健\王永健的文件夹\IntegratedProjects\c--\c--1.4\Objects\astobject.c(64,38): warning C4133: “=”: 从“Object *”到“StringObject *”的类型不兼容
E:\王永健\王永健的文件夹\IntegratedProjects\c--\c--1.4\Objects\astobject.c(70,1): warning C4133: “初始化”: 从“Object *”到“NameASTObject *”的类型不兼容
E:\王永健\王永健的文件夹\IntegratedProjects\c--\c--1.4\Objects\astobject.c(86,1): warning C4133: “初始化”: 从“Object *”到“ConstantASTObject *”的类型不兼容
E:\王永健\王永健的文件夹\IntegratedProjects\c--\c--1.4\Objects\astobject.c(97,39): warning C4133: “=”: 从“Object *”到“ListObject *”的类型不兼容
E:\王永健\王永健的文件夹\IntegratedProjects\c--\c--1.4\Objects\astobject.c(103,1): warning C4133: “初始化”: 从“Object *”到“AssignASTObject *”的类型不兼容
E:\王永健\王永健的文件夹\IntegratedProjects\c--\c--1.4\Objects\astobject.c(114,38): warning C4133: “=”: 从“Object *”到“StringObject *”的类型不兼容
E:\王永健\王永健的文件夹\IntegratedProjects\c--\c--1.4\Objects\astobject.c(120,1): warning C4133: “初始化”: 从“Object *”到“SubscriptASTObject *”的类型不兼容
E:\王永健\王永健的文件夹\IntegratedProjects\c--\c--1.4\Objects\astobject.c(131,36): warning C4133: “=”: 从“Object *”到“ListObject *”的类型不兼容
E:\王永健\王永健的文件夹\IntegratedProjects\c--\c--1.4\Objects\astobject.c(137,1): warning C4133: “初始化”: 从“Object *”到“CallASTObject *”的类型不兼容
E:\王永健\王永健的文件夹\IntegratedProjects\c--\c--1.4\Objects\astobject.c(153,1): warning C4133: “初始化”: 从“Object *”到“ReturnASTObject *”的类型不兼容
E:\王永健\王永健的文件夹\IntegratedProjects\c--\c--1.4\Objects\astobject.c(164,38): warning C4133: “=”: 从“Object *”到“StringObject *”的类型不兼容
E:\王永健\王永健的文件夹\IntegratedProjects\c--\c--1.4\Objects\astobject.c(170,1): warning C4133: “初始化”: 从“Object *”到“ReturnASTObject *”的类型不兼容
E:\王永健\王永健的文件夹\IntegratedProjects\c--\c--1.4\Objects\astobject.c(181,36): warning C4133: “=”: 从“Object *”到“ListObject *”的类型不兼容
E:\王永健\王永健的文件夹\IntegratedProjects\c--\c--1.4\Objects\astobject.c(187,1): warning C4133: “初始化”: 从“Object *”到“WhileASTObject *”的类型不兼容
E:\王永健\王永健的文件夹\IntegratedProjects\c--\c--1.4\Objects\astobject.c(198,36): warning C4133: “=”: 从“Object *”到“ListObject *”的类型不兼容
E:\王永健\王永健的文件夹\IntegratedProjects\c--\c--1.4\Objects\astobject.c(204,1): warning C4133: “初始化”: 从“Object *”到“ListASTObject *”的类型不兼容
E:\王永健\王永健的文件夹\IntegratedProjects\c--\c--1.4\Objects\astobject.c(220,1): warning C4133: “初始化”: 从“Object *”到“AttributeASTObject *”的类型不兼容
E:\王永健\王永健的文件夹\IntegratedProjects\c--\c--1.4\Objects\astobject.c(236,1): warning C4133: “初始化”: 从“Object *”到“BreakASTObject *”的类型不兼容
E:\王永健\王永健的文件夹\IntegratedProjects\c--\c--1.4\Objects\astobject.c(252,1): warning C4133: “初始化”: 从“Object *”到“ContinueASTObject *”的类型不兼容
E:\王永健\王永健的文件夹\IntegratedProjects\c--\c--1.4\Objects\astobject.c(268,1): warning C4133: “初始化”: 从“Object *”到“ImportASTObject *”的类型不兼容
E:\王永健\王永健的文件夹\IntegratedProjects\c--\c--1.4\Objects\astobject.c(279,37): warning C4133: “=”: 从“Object *”到“ListObject *”的类型不兼容
E:\王永健\王永健的文件夹\IntegratedProjects\c--\c--1.4\Objects\astobject.c(280,36): warning C4133: “=”: 从“Object *”到“ListObject *”的类型不兼容
E:\王永健\王永健的文件夹\IntegratedProjects\c--\c--1.4\Objects\astobject.c(286,1): warning C4133: “初始化”: 从“Object *”到“ClassASTObject *”的类型不兼容
E:\王永健\王永健的文件夹\IntegratedProjects\c--\c--1.4\Objects\astobject.c(297,38): warning C4133: “=”: 从“Object *”到“ListObject *”的类型不兼容
E:\王永健\王永健的文件夹\IntegratedProjects\c--\c--1.4\Objects\astobject.c(298,36): warning C4133: “=”: 从“Object *”到“ListObject *”的类型不兼容
E:\王永健\王永健的文件夹\IntegratedProjects\c--\c--1.4\Objects\astobject.c(304,1): warning C4133: “初始化”: 从“Object *”到“TryASTObject *”的类型不兼容
  blockobject.c
E:\王永健\王永健的文件夹\IntegratedProjects\c--\c--1.4\Include\object.h(100,1): warning C4113: “Object *(__cdecl *)(Object *,Object *)”和“SetItem”的参数列表不同
E:\王永健\王永健的文件夹\IntegratedProjects\c--\c--1.4\Include\object.h(100,1): warning C4047: “初始化”:“SetItem”与“Object *(__cdecl *)(Object *,Object *)”的间接级别不同
E:\王永健\王永健的文件夹\IntegratedProjects\c--\c--1.4\Objects\blockobject.c(7,33): warning C4133: “=”: 从“Object *”到“ListObject *”的类型不兼容
  bytecodeobject.c
E:\王永健\王永健的文件夹\IntegratedProjects\c--\c--1.4\Include\object.h(100,1): warning C4113: “Object *(__cdecl *)(Object *,Object *)”和“SetItem”的参数列表不同
E:\王永健\王永健的文件夹\IntegratedProjects\c--\c--1.4\Include\object.h(100,1): warning C4047: “初始化”:“SetItem”与“Object *(__cdecl *)(Object *,Object *)”的间接级别不同
E:\王永健\王永健的文件夹\IntegratedProjects\c--\c--1.4\Objects\bytecodeobject.c(9,38): warning C4133: “=”: 从“Object *”到“ListObject *”的类型不兼容
E:\王永健\王永健的文件夹\IntegratedProjects\c--\c--1.4\Objects\bytecodeobject.c(10,40): warning C4133: “=”: 从“Object *”到“ListObject *”的类型不兼容
E:\王永健\王永健的文件夹\IntegratedProjects\c--\c--1.4\Objects\bytecodeobject.c(25,39): warning C4133: “函数”: 从“ListObject *”到“Object *”的类型不兼容
E:\王永健\王永健的文件夹\IntegratedProjects\c--\c--1.4\Objects\bytecodeobject.c(30,38): warning C4133: “函数”: 从“ListObject *”到“Object *”的类型不兼容
E:\王永健\王永健的文件夹\IntegratedProjects\c--\c--1.4\Objects\bytecodeobject.c(24,1): warning C4133: “初始化”: 从“Object *”到“ListObject *”的类型不兼容
E:\王永健\王永健的文件夹\IntegratedProjects\c--\c--1.4\Objects\bytecodeobject.c(49,59): warning C4133: “函数”: 从“Object *”到“ByteCodeObject *”的类型不兼容
E:\王永健\王永健的文件夹\IntegratedProjects\c--\c--1.4\Objects\bytecodeobject.c(49,1): warning C4133: “初始化”: 从“Object *”到“FrameObject *”的类型不兼容
  cfunctionobject.c
E:\王永健\王永健的文件夹\IntegratedProjects\c--\c--1.4\Include\object.h(100,1): warning C4113: “Object *(__cdecl *)(Object *,Object *)”和“SetItem”的参数列表不同
E:\王永健\王永健的文件夹\IntegratedProjects\c--\c--1.4\Include\object.h(100,1): warning C4047: “初始化”:“SetItem”与“Object *(__cdecl *)(Object *,Object *)”的间接级别不同
E:\王永健\王永健的文件夹\IntegratedProjects\c--\c--1.4\Objects\cfunctionobject.c(15,1): warning C4133: “初始化”: 从“Object *”到“CFunctionObject *”的类型不兼容
E:\王永健\王永健的文件夹\IntegratedProjects\c--\c--1.4\Objects\cfunctionobject.c(35,34): warning C4133: “函数”: 从“ListObject *”到“Object *”的类型不兼容
E:\王永健\王永健的文件夹\IntegratedProjects\c--\c--1.4\Objects\cfunctionobject.c(38,29): warning C4133: “函数”: 从“ListObject *”到“Object *”的类型不兼容
E:\王永健\王永健的文件夹\IntegratedProjects\c--\c--1.4\Objects\cfunctionobject.c(31,1): warning C4133: “初始化”: 从“Object *”到“ListObject *”的类型不兼容
  classobject.c
E:\王永健\王永健的文件夹\IntegratedProjects\c--\c--1.4\Include\object.h(100,1): warning C4113: “Object *(__cdecl *)(Object *,Object *)”和“SetItem”的参数列表不同
E:\王永健\王永健的文件夹\IntegratedProjects\c--\c--1.4\Include\object.h(100,1): warning C4047: “初始化”:“SetItem”与“Object *(__cdecl *)(Object *,Object *)”的间接级别不同
E:\王永健\王永健的文件夹\IntegratedProjects\c--\c--1.4\Objects\classobject.c(7,36): warning C4133: “=”: 从“Object *”到“ListObject *”的类型不兼容
E:\王永健\王永健的文件夹\IntegratedProjects\c--\c--1.4\Objects\classobject.c(8,37): warning C4133: “=”: 从“Object *”到“StringObject *”的类型不兼容
E:\王永健\王永健的文件夹\IntegratedProjects\c--\c--1.4\Objects\classobject.c(9,35): warning C4133: “=”: 从“Object *”到“DictObject *”的类型不兼容
E:\王永健\王永健的文件夹\IntegratedProjects\c--\c--1.4\Objects\classobject.c(39,11): warning C4133: “return”: 从“InstanceObject *”到“Object *”的类型不兼容
E:\王永健\王永健的文件夹\IntegratedProjects\c--\c--1.4\Objects\classobject.c(23,1): warning C4133: “初始化”: 从“Object *”到“InstanceObject *”的类型不兼容
  dictobject.c
E:\王永健\王永健的文件夹\IntegratedProjects\c--\c--1.4\Include\object.h(100,1): warning C4113: “Object *(__cdecl *)(Object *,Object *)”和“SetItem”的参数列表不同
E:\王永健\王永健的文件夹\IntegratedProjects\c--\c--1.4\Include\object.h(100,1): warning C4047: “初始化”:“SetItem”与“Object *(__cdecl *)(Object *,Object *)”的间接级别不同
  doubleobject.c
E:\王永健\王永健的文件夹\IntegratedProjects\c--\c--1.4\Include\object.h(100,1): warning C4113: “Object *(__cdecl *)(Object *,Object *)”和“SetItem”的参数列表不同
E:\王永健\王永健的文件夹\IntegratedProjects\c--\c--1.4\Include\object.h(100,1): warning C4047: “初始化”:“SetItem”与“Object *(__cdecl *)(Object *,Object *)”的间接级别不同
E:\王永健\王永健的文件夹\IntegratedProjects\c--\c--1.4\Objects\doubleobject.c(126,23): warning C4244: “return”: 从“double”转换到“int”，可能丢失数据
  exceptionobject.c
E:\王永健\王永健的文件夹\IntegratedProjects\c--\c--1.4\Include\object.h(100,1): warning C4113: “Object *(__cdecl *)(Object *,Object *)”和“SetItem”的参数列表不同
E:\王永健\王永健的文件夹\IntegratedProjects\c--\c--1.4\Include\object.h(100,1): warning C4047: “初始化”:“SetItem”与“Object *(__cdecl *)(Object *,Object *)”的间接级别不同
E:\王永健\王永健的文件夹\IntegratedProjects\c--\c--1.4\Objects\exceptionobject.c(7,41): warning C4133: “=”: 从“Object *”到“StringObject *”的类型不兼容
  frameobject.c
E:\王永健\王永健的文件夹\IntegratedProjects\c--\c--1.4\Include\object.h(100,1): warning C4113: “Object *(__cdecl *)(Object *,Object *)”和“SetItem”的参数列表不同
E:\王永健\王永健的文件夹\IntegratedProjects\c--\c--1.4\Include\object.h(100,1): warning C4047: “初始化”:“SetItem”与“Object *(__cdecl *)(Object *,Object *)”的间接级别不同
E:\王永健\王永健的文件夹\IntegratedProjects\c--\c--1.4\Objects\frameobject.c(12,38): warning C4133: “=”: 从“Object *”到“DictObject *”的类型不兼容
E:\王永健\王永健的文件夹\IntegratedProjects\c--\c--1.4\Objects\frameobject.c(13,37): warning C4133: “=”: 从“Object *”到“DictObject *”的类型不兼容
E:\王永健\王永健的文件夹\IntegratedProjects\c--\c--1.4\Objects\frameobject.c(14,37): warning C4133: “=”: 从“Object *”到“ListObject *”的类型不兼容
E:\王永健\王永健的文件夹\IntegratedProjects\c--\c--1.4\Objects\frameobject.c(20,1): warning C4133: “初始化”: 从“Object *”到“FrameObject *”的类型不兼容
E:\王永健\王永健的文件夹\IntegratedProjects\c--\c--1.4\Objects\frameobject.c(29,35): warning C4133: “函数”: 从“ListObject *”到“Object *”的类型不兼容
E:\王永健\王永健的文件夹\IntegratedProjects\c--\c--1.4\Objects\frameobject.c(31,36): warning C4133: “函数”: 从“DictObject *”到“Object *”的类型不兼容
E:\王永健\王永健的文件夹\IntegratedProjects\c--\c--1.4\Objects\frameobject.c(33,35): warning C4133: “函数”: 从“DictObject *”到“Object *”的类型不兼容
  functionobject.c
E:\王永健\王永健的文件夹\IntegratedProjects\c--\c--1.4\Include\object.h(100,1): warning C4113: “Object *(__cdecl *)(Object *,Object *)”和“SetItem”的参数列表不同
E:\王永健\王永健的文件夹\IntegratedProjects\c--\c--1.4\Include\object.h(100,1): warning C4047: “初始化”:“SetItem”与“Object *(__cdecl *)(Object *,Object *)”的间接级别不同
E:\王永健\王永健的文件夹\IntegratedProjects\c--\c--1.4\Objects\functionobject.c(25,41): warning C4133: “函数”: 从“ListObject *”到“Object *”的类型不兼容
E:\王永健\王永健的文件夹\IntegratedProjects\c--\c--1.4\Objects\functionobject.c(31,26): warning C4133: “函数”: 从“DictObject *”到“Object *”的类型不兼容
E:\王永健\王永健的文件夹\IntegratedProjects\c--\c--1.4\Objects\functionobject.c(35,26): warning C4133: “函数”: 从“DictObject *”到“Object *”的类型不兼容
E:\王永健\王永健的文件夹\IntegratedProjects\c--\c--1.4\Objects\functionobject.c(21,1): warning C4133: “初始化”: 从“Object *”到“FrameObject *”的类型不兼容
E:\王永健\王永健的文件夹\IntegratedProjects\c--\c--1.4\Objects\functionobject.c(27,1): warning C4133: “初始化”: 从“Object *”到“DictObject *”的类型不兼容
  initobjects.c
E:\王永健\王永健的文件夹\IntegratedProjects\c--\c--1.4\Include\object.h(100,1): warning C4113: “Object *(__cdecl *)(Object *,Object *)”和“SetItem”的参数列表不同
E:\王永健\王永健的文件夹\IntegratedProjects\c--\c--1.4\Include\object.h(100,1): warning C4047: “初始化”:“SetItem”与“Object *(__cdecl *)(Object *,Object *)”的间接级别不同
E:\王永健\王永健的文件夹\IntegratedProjects\c--\c--1.4\Objects\initobjects.c(10,35): warning C4133: “=”: 从“Object *”到“DictObject *”的类型不兼容
E:\王永健\王永健的文件夹\IntegratedProjects\c--\c--1.4\Objects\initobjects.c(11,2): warning C4133: “函数”: 从“DictObject *”到“Object *”的类型不兼容
E:\王永健\王永健的文件夹\IntegratedProjects\c--\c--1.4\Objects\initobjects.c(12,2): warning C4133: “函数”: 从“DictObject *”到“Object *”的类型不兼容
E:\王永健\王永健的文件夹\IntegratedProjects\c--\c--1.4\Objects\initobjects.c(14,34): warning C4133: “=”: 从“Object *”到“DictObject *”的类型不兼容
E:\王永健\王永健的文件夹\IntegratedProjects\c--\c--1.4\Objects\initobjects.c(15,2): warning C4133: “函数”: 从“DictObject *”到“Object *”的类型不兼容
E:\王永健\王永健的文件夹\IntegratedProjects\c--\c--1.4\Objects\initobjects.c(16,2): warning C4133: “函数”: 从“DictObject *”到“Object *”的类型不兼容
E:\王永健\王永健的文件夹\IntegratedProjects\c--\c--1.4\Objects\initobjects.c(17,2): warning C4133: “函数”: 从“DictObject *”到“Object *”的类型不兼容
E:\王永健\王永健的文件夹\IntegratedProjects\c--\c--1.4\Objects\initobjects.c(18,2): warning C4133: “函数”: 从“DictObject *”到“Object *”的类型不兼容
E:\王永健\王永健的文件夹\IntegratedProjects\c--\c--1.4\Objects\initobjects.c(19,2): warning C4133: “函数”: 从“DictObject *”到“Object *”的类型不兼容
E:\王永健\王永健的文件夹\IntegratedProjects\c--\c--1.4\Objects\initobjects.c(20,2): warning C4133: “函数”: 从“DictObject *”到“Object *”的类型不兼容
E:\王永健\王永健的文件夹\IntegratedProjects\c--\c--1.4\Objects\initobjects.c(21,2): warning C4133: “函数”: 从“DictObject *”到“Object *”的类型不兼容
E:\王永健\王永健的文件夹\IntegratedProjects\c--\c--1.4\Objects\initobjects.c(22,2): warning C4133: “函数”: 从“DictObject *”到“Object *”的类型不兼容
E:\王永健\王永健的文件夹\IntegratedProjects\c--\c--1.4\Objects\initobjects.c(23,2): warning C4133: “函数”: 从“DictObject *”到“Object *”的类型不兼容
E:\王永健\王永健的文件夹\IntegratedProjects\c--\c--1.4\Objects\initobjects.c(24,2): warning C4133: “函数”: 从“DictObject *”到“Object *”的类型不兼容
E:\王永健\王永健的文件夹\IntegratedProjects\c--\c--1.4\Objects\initobjects.c(25,2): warning C4133: “函数”: 从“DictObject *”到“Object *”的类型不兼容
E:\王永健\王永健的文件夹\IntegratedProjects\c--\c--1.4\Objects\initobjects.c(26,2): warning C4133: “函数”: 从“DictObject *”到“Object *”的类型不兼容
E:\王永健\王永健的文件夹\IntegratedProjects\c--\c--1.4\Objects\initobjects.c(28,34): warning C4133: “=”: 从“Object *”到“DictObject *”的类型不兼容
E:\王永健\王永健的文件夹\IntegratedProjects\c--\c--1.4\Objects\initobjects.c(29,2): warning C4133: “函数”: 从“DictObject *”到“Object *”的类型不兼容
E:\王永健\王永健的文件夹\IntegratedProjects\c--\c--1.4\Objects\initobjects.c(30,2): warning C4133: “函数”: 从“DictObject *”到“Object *”的类型不兼容
E:\王永健\王永健的文件夹\IntegratedProjects\c--\c--1.4\Objects\initobjects.c(31,2): warning C4133: “函数”: 从“DictObject *”到“Object *”的类型不兼容
  intobject.c
E:\王永健\王永健的文件夹\IntegratedProjects\c--\c--1.4\Include\object.h(100,1): warning C4113: “Object *(__cdecl *)(Object *,Object *)”和“SetItem”的参数列表不同
E:\王永健\王永健的文件夹\IntegratedProjects\c--\c--1.4\Include\object.h(100,1): warning C4047: “初始化”:“SetItem”与“Object *(__cdecl *)(Object *,Object *)”的间接级别不同
E:\王永健\王永健的文件夹\IntegratedProjects\c--\c--1.4\Objects\intobject.c(9,39): warning C4133: “=”: 从“DictObject *”到“Object *”的类型不兼容
E:\王永健\王永健的文件夹\IntegratedProjects\c--\c--1.4\Objects\intobject.c(162,14): warning C4047: “return”:“int”与“void *”的间接级别不同
E:\王永健\王永健的文件夹\IntegratedProjects\c--\c--1.4\Objects\intobject.c(259,38): warning C4047: “return”:“Object *”与“int”的间接级别不同
  listobject.c
E:\王永健\王永健的文件夹\IntegratedProjects\c--\c--1.4\Include\object.h(100,1): warning C4113: “Object *(__cdecl *)(Object *,Object *)”和“SetItem”的参数列表不同
E:\王永健\王永健的文件夹\IntegratedProjects\c--\c--1.4\Include\object.h(100,1): warning C4047: “初始化”:“SetItem”与“Object *(__cdecl *)(Object *,Object *)”的间接级别不同
E:\王永健\王永健的文件夹\IntegratedProjects\c--\c--1.4\Objects\listobject.c(21,41): warning C4133: “=”: 从“DictObject *”到“Object *”的类型不兼容
  namespaceobject.c
E:\王永健\王永健的文件夹\IntegratedProjects\c--\c--1.4\Include\object.h(100,1): warning C4113: “Object *(__cdecl *)(Object *,Object *)”和“SetItem”的参数列表不同
E:\王永健\王永健的文件夹\IntegratedProjects\c--\c--1.4\Include\object.h(100,1): warning C4047: “初始化”:“SetItem”与“Object *(__cdecl *)(Object *,Object *)”的间接级别不同
E:\王永健\王永健的文件夹\IntegratedProjects\c--\c--1.4\Objects\namespaceobject.c(7,32): warning C4133: “=”: 从“Object *”到“DictObject *”的类型不兼容
E:\王永健\王永健的文件夹\IntegratedProjects\c--\c--1.4\Objects\namespaceobject.c(21,43): warning C4133: “函数”: 从“DictObject *”到“Object *”的类型不兼容
E:\王永健\王永健的文件夹\IntegratedProjects\c--\c--1.4\Objects\namespaceobject.c(27,36): warning C4133: “函数”: 从“DictObject *”到“Object *”的类型不兼容
  正在编译...
  object.c
E:\王永健\王永健的文件夹\IntegratedProjects\c--\c--1.4\Include\object.h(100,1): warning C4113: “Object *(__cdecl *)(Object *,Object *)”和“SetItem”的参数列表不同
E:\王永健\王永健的文件夹\IntegratedProjects\c--\c--1.4\Include\object.h(100,1): warning C4047: “初始化”:“SetItem”与“Object *(__cdecl *)(Object *,Object *)”的间接级别不同
E:\王永健\王永健的文件夹\IntegratedProjects\c--\c--1.4\Objects\object.c(15,30): warning C4133: “函数”: 从“ListObject *”到“Object *”的类型不兼容
E:\王永健\王永健的文件夹\IntegratedProjects\c--\c--1.4\Objects\object.c(16,30): warning C4133: “函数”: 从“ListObject *”到“Object *”的类型不兼容
E:\王永健\王永健的文件夹\IntegratedProjects\c--\c--1.4\Objects\object.c(17,45): warning C4133: “函数”: 从“ListObject *”到“Object *”的类型不兼容
E:\王永健\王永健的文件夹\IntegratedProjects\c--\c--1.4\Objects\object.c(21,37): warning C4133: “=”: 从“Object *”到“ExceptionObject *”的类型不兼容
E:\王永健\王永健的文件夹\IntegratedProjects\c--\c--1.4\Objects\object.c(22,76): warning C4133: “=”: 从“Object *”到“StringObject *”的类型不兼容
E:\王永健\王永健的文件夹\IntegratedProjects\c--\c--1.4\Objects\object.c(28,36): warning C4133: “=”: 从“Object *”到“ExceptionObject *”的类型不兼容
E:\王永健\王永健的文件夹\IntegratedProjects\c--\c--1.4\Objects\object.c(29,75): warning C4133: “=”: 从“Object *”到“StringObject *”的类型不兼容
E:\王永健\王永健的文件夹\IntegratedProjects\c--\c--1.4\Objects\object.c(14,1): warning C4133: “初始化”: 从“Object *”到“ListObject *”的类型不兼容
E:\王永健\王永健的文件夹\IntegratedProjects\c--\c--1.4\Objects\object.c(42,30): warning C4133: “函数”: 从“ListObject *”到“Object *”的类型不兼容
E:\王永健\王永健的文件夹\IntegratedProjects\c--\c--1.4\Objects\object.c(43,30): warning C4133: “函数”: 从“ListObject *”到“Object *”的类型不兼容
E:\王永健\王永健的文件夹\IntegratedProjects\c--\c--1.4\Objects\object.c(44,45): warning C4133: “函数”: 从“ListObject *”到“Object *”的类型不兼容
E:\王永健\王永健的文件夹\IntegratedProjects\c--\c--1.4\Objects\object.c(48,37): warning C4133: “=”: 从“Object *”到“ExceptionObject *”的类型不兼容
E:\王永健\王永健的文件夹\IntegratedProjects\c--\c--1.4\Objects\object.c(49,76): warning C4133: “=”: 从“Object *”到“StringObject *”的类型不兼容
E:\王永健\王永健的文件夹\IntegratedProjects\c--\c--1.4\Objects\object.c(55,36): warning C4133: “=”: 从“Object *”到“ExceptionObject *”的类型不兼容
E:\王永健\王永健的文件夹\IntegratedProjects\c--\c--1.4\Objects\object.c(56,75): warning C4133: “=”: 从“Object *”到“StringObject *”的类型不兼容
E:\王永健\王永健的文件夹\IntegratedProjects\c--\c--1.4\Objects\object.c(41,1): warning C4133: “初始化”: 从“Object *”到“ListObject *”的类型不兼容
E:\王永健\王永健的文件夹\IntegratedProjects\c--\c--1.4\Objects\object.c(69,30): warning C4133: “函数”: 从“ListObject *”到“Object *”的类型不兼容
E:\王永健\王永健的文件夹\IntegratedProjects\c--\c--1.4\Objects\object.c(70,45): warning C4133: “函数”: 从“ListObject *”到“Object *”的类型不兼容
E:\王永健\王永健的文件夹\IntegratedProjects\c--\c--1.4\Objects\object.c(70,46): warning C4047: “return”:“int”与“Object *”的间接级别不同
E:\王永健\王永健的文件夹\IntegratedProjects\c--\c--1.4\Objects\object.c(74,37): warning C4133: “=”: 从“Object *”到“ExceptionObject *”的类型不兼容
E:\王永健\王永健的文件夹\IntegratedProjects\c--\c--1.4\Objects\object.c(75,76): warning C4133: “=”: 从“Object *”到“StringObject *”的类型不兼容
E:\王永健\王永健的文件夹\IntegratedProjects\c--\c--1.4\Objects\object.c(76,15): warning C4047: “return”:“int”与“void *”的间接级别不同
E:\王永健\王永健的文件夹\IntegratedProjects\c--\c--1.4\Objects\object.c(81,36): warning C4133: “=”: 从“Object *”到“ExceptionObject *”的类型不兼容
E:\王永健\王永健的文件夹\IntegratedProjects\c--\c--1.4\Objects\object.c(82,75): warning C4133: “=”: 从“Object *”到“StringObject *”的类型不兼容
E:\王永健\王永健的文件夹\IntegratedProjects\c--\c--1.4\Objects\object.c(83,14): warning C4047: “return”:“int”与“void *”的间接级别不同
E:\王永健\王永健的文件夹\IntegratedProjects\c--\c--1.4\Objects\object.c(68,1): warning C4133: “初始化”: 从“Object *”到“ListObject *”的类型不兼容
E:\王永健\王永健的文件夹\IntegratedProjects\c--\c--1.4\Objects\object.c(98,37): warning C4133: “=”: 从“Object *”到“ExceptionObject *”的类型不兼容
E:\王永健\王永健的文件夹\IntegratedProjects\c--\c--1.4\Objects\object.c(99,76): warning C4133: “=”: 从“Object *”到“StringObject *”的类型不兼容
E:\王永健\王永健的文件夹\IntegratedProjects\c--\c--1.4\Objects\object.c(105,36): warning C4133: “=”: 从“Object *”到“ExceptionObject *”的类型不兼容
E:\王永健\王永健的文件夹\IntegratedProjects\c--\c--1.4\Objects\object.c(106,75): warning C4133: “=”: 从“Object *”到“StringObject *”的类型不兼容
E:\王永健\王永健的文件夹\IntegratedProjects\c--\c--1.4\Objects\object.c(119,30): warning C4133: “函数”: 从“ListObject *”到“Object *”的类型不兼容
E:\王永健\王永健的文件夹\IntegratedProjects\c--\c--1.4\Objects\object.c(120,30): warning C4133: “函数”: 从“ListObject *”到“Object *”的类型不兼容
E:\王永健\王永健的文件夹\IntegratedProjects\c--\c--1.4\Objects\object.c(121,45): warning C4133: “函数”: 从“ListObject *”到“Object *”的类型不兼容
E:\王永健\王永健的文件夹\IntegratedProjects\c--\c--1.4\Objects\object.c(125,37): warning C4133: “=”: 从“Object *”到“ExceptionObject *”的类型不兼容
E:\王永健\王永健的文件夹\IntegratedProjects\c--\c--1.4\Objects\object.c(126,76): warning C4133: “=”: 从“Object *”到“StringObject *”的类型不兼容
E:\王永健\王永健的文件夹\IntegratedProjects\c--\c--1.4\Objects\object.c(132,36): warning C4133: “=”: 从“Object *”到“ExceptionObject *”的类型不兼容
E:\王永健\王永健的文件夹\IntegratedProjects\c--\c--1.4\Objects\object.c(133,75): warning C4133: “=”: 从“Object *”到“StringObject *”的类型不兼容
E:\王永健\王永健的文件夹\IntegratedProjects\c--\c--1.4\Objects\object.c(118,1): warning C4133: “初始化”: 从“Object *”到“ListObject *”的类型不兼容
E:\王永健\王永健的文件夹\IntegratedProjects\c--\c--1.4\Objects\object.c(145,30): warning C4133: “函数”: 从“ListObject *”到“Object *”的类型不兼容
E:\王永健\王永健的文件夹\IntegratedProjects\c--\c--1.4\Objects\object.c(146,30): warning C4133: “函数”: 从“ListObject *”到“Object *”的类型不兼容
E:\王永健\王永健的文件夹\IntegratedProjects\c--\c--1.4\Objects\object.c(147,45): warning C4133: “函数”: 从“ListObject *”到“Object *”的类型不兼容
E:\王永健\王永健的文件夹\IntegratedProjects\c--\c--1.4\Objects\object.c(151,37): warning C4133: “=”: 从“Object *”到“ExceptionObject *”的类型不兼容
E:\王永健\王永健的文件夹\IntegratedProjects\c--\c--1.4\Objects\object.c(152,76): warning C4133: “=”: 从“Object *”到“StringObject *”的类型不兼容
E:\王永健\王永健的文件夹\IntegratedProjects\c--\c--1.4\Objects\object.c(158,36): warning C4133: “=”: 从“Object *”到“ExceptionObject *”的类型不兼容
E:\王永健\王永健的文件夹\IntegratedProjects\c--\c--1.4\Objects\object.c(159,75): warning C4133: “=”: 从“Object *”到“StringObject *”的类型不兼容
E:\王永健\王永健的文件夹\IntegratedProjects\c--\c--1.4\Objects\object.c(144,1): warning C4133: “初始化”: 从“Object *”到“ListObject *”的类型不兼容
E:\王永健\王永健的文件夹\IntegratedProjects\c--\c--1.4\Objects\object.c(172,30): warning C4133: “函数”: 从“ListObject *”到“Object *”的类型不兼容
E:\王永健\王永健的文件夹\IntegratedProjects\c--\c--1.4\Objects\object.c(173,30): warning C4133: “函数”: 从“ListObject *”到“Object *”的类型不兼容
E:\王永健\王永健的文件夹\IntegratedProjects\c--\c--1.4\Objects\object.c(174,45): warning C4133: “函数”: 从“ListObject *”到“Object *”的类型不兼容
E:\王永健\王永健的文件夹\IntegratedProjects\c--\c--1.4\Objects\object.c(178,37): warning C4133: “=”: 从“Object *”到“ExceptionObject *”的类型不兼容
E:\王永健\王永健的文件夹\IntegratedProjects\c--\c--1.4\Objects\object.c(179,76): warning C4133: “=”: 从“Object *”到“StringObject *”的类型不兼容
E:\王永健\王永健的文件夹\IntegratedProjects\c--\c--1.4\Objects\object.c(185,36): warning C4133: “=”: 从“Object *”到“ExceptionObject *”的类型不兼容
E:\王永健\王永健的文件夹\IntegratedProjects\c--\c--1.4\Objects\object.c(186,75): warning C4133: “=”: 从“Object *”到“StringObject *”的类型不兼容
E:\王永健\王永健的文件夹\IntegratedProjects\c--\c--1.4\Objects\object.c(171,1): warning C4133: “初始化”: 从“Object *”到“ListObject *”的类型不兼容
E:\王永健\王永健的文件夹\IntegratedProjects\c--\c--1.4\Objects\object.c(199,30): warning C4133: “函数”: 从“ListObject *”到“Object *”的类型不兼容
E:\王永健\王永健的文件夹\IntegratedProjects\c--\c--1.4\Objects\object.c(200,30): warning C4133: “函数”: 从“ListObject *”到“Object *”的类型不兼容
E:\王永健\王永健的文件夹\IntegratedProjects\c--\c--1.4\Objects\object.c(201,45): warning C4133: “函数”: 从“ListObject *”到“Object *”的类型不兼容
E:\王永健\王永健的文件夹\IntegratedProjects\c--\c--1.4\Objects\object.c(205,37): warning C4133: “=”: 从“Object *”到“ExceptionObject *”的类型不兼容
E:\王永健\王永健的文件夹\IntegratedProjects\c--\c--1.4\Objects\object.c(206,76): warning C4133: “=”: 从“Object *”到“StringObject *”的类型不兼容
E:\王永健\王永健的文件夹\IntegratedProjects\c--\c--1.4\Objects\object.c(212,36): warning C4133: “=”: 从“Object *”到“ExceptionObject *”的类型不兼容
E:\王永健\王永健的文件夹\IntegratedProjects\c--\c--1.4\Objects\object.c(213,75): warning C4133: “=”: 从“Object *”到“StringObject *”的类型不兼容
E:\王永健\王永健的文件夹\IntegratedProjects\c--\c--1.4\Objects\object.c(198,1): warning C4133: “初始化”: 从“Object *”到“ListObject *”的类型不兼容
E:\王永健\王永健的文件夹\IntegratedProjects\c--\c--1.4\Objects\object.c(226,30): warning C4133: “函数”: 从“ListObject *”到“Object *”的类型不兼容
E:\王永健\王永健的文件夹\IntegratedProjects\c--\c--1.4\Objects\object.c(227,30): warning C4133: “函数”: 从“ListObject *”到“Object *”的类型不兼容
E:\王永健\王永健的文件夹\IntegratedProjects\c--\c--1.4\Objects\object.c(228,45): warning C4133: “函数”: 从“ListObject *”到“Object *”的类型不兼容
E:\王永健\王永健的文件夹\IntegratedProjects\c--\c--1.4\Objects\object.c(232,37): warning C4133: “=”: 从“Object *”到“ExceptionObject *”的类型不兼容
E:\王永健\王永健的文件夹\IntegratedProjects\c--\c--1.4\Objects\object.c(233,76): warning C4133: “=”: 从“Object *”到“StringObject *”的类型不兼容
E:\王永健\王永健的文件夹\IntegratedProjects\c--\c--1.4\Objects\object.c(239,36): warning C4133: “=”: 从“Object *”到“ExceptionObject *”的类型不兼容
E:\王永健\王永健的文件夹\IntegratedProjects\c--\c--1.4\Objects\object.c(240,75): warning C4133: “=”: 从“Object *”到“StringObject *”的类型不兼容
E:\王永健\王永健的文件夹\IntegratedProjects\c--\c--1.4\Objects\object.c(225,1): warning C4133: “初始化”: 从“Object *”到“ListObject *”的类型不兼容
E:\王永健\王永健的文件夹\IntegratedProjects\c--\c--1.4\Objects\object.c(253,30): warning C4133: “函数”: 从“ListObject *”到“Object *”的类型不兼容
E:\王永健\王永健的文件夹\IntegratedProjects\c--\c--1.4\Objects\object.c(254,30): warning C4133: “函数”: 从“ListObject *”到“Object *”的类型不兼容
E:\王永健\王永健的文件夹\IntegratedProjects\c--\c--1.4\Objects\object.c(255,45): warning C4133: “函数”: 从“ListObject *”到“Object *”的类型不兼容
E:\王永健\王永健的文件夹\IntegratedProjects\c--\c--1.4\Objects\object.c(259,37): warning C4133: “=”: 从“Object *”到“ExceptionObject *”的类型不兼容
E:\王永健\王永健的文件夹\IntegratedProjects\c--\c--1.4\Objects\object.c(260,76): warning C4133: “=”: 从“Object *”到“StringObject *”的类型不兼容
E:\王永健\王永健的文件夹\IntegratedProjects\c--\c--1.4\Objects\object.c(266,36): warning C4133: “=”: 从“Object *”到“ExceptionObject *”的类型不兼容
E:\王永健\王永健的文件夹\IntegratedProjects\c--\c--1.4\Objects\object.c(267,75): warning C4133: “=”: 从“Object *”到“StringObject *”的类型不兼容
E:\王永健\王永健的文件夹\IntegratedProjects\c--\c--1.4\Objects\object.c(252,1): warning C4133: “初始化”: 从“Object *”到“ListObject *”的类型不兼容
E:\王永健\王永健的文件夹\IntegratedProjects\c--\c--1.4\Objects\object.c(280,30): warning C4133: “函数”: 从“ListObject *”到“Object *”的类型不兼容
E:\王永健\王永健的文件夹\IntegratedProjects\c--\c--1.4\Objects\object.c(281,30): warning C4133: “函数”: 从“ListObject *”到“Object *”的类型不兼容
E:\王永健\王永健的文件夹\IntegratedProjects\c--\c--1.4\Objects\object.c(282,30): warning C4133: “函数”: 从“ListObject *”到“Object *”的类型不兼容
E:\王永健\王永健的文件夹\IntegratedProjects\c--\c--1.4\Objects\object.c(283,45): warning C4133: “函数”: 从“ListObject *”到“Object *”的类型不兼容
E:\王永健\王永健的文件夹\IntegratedProjects\c--\c--1.4\Objects\object.c(283,46): warning C4098: “Object_InsertItem”:“void”函数返回值
E:\王永健\王永健的文件夹\IntegratedProjects\c--\c--1.4\Objects\object.c(287,37): warning C4133: “=”: 从“Object *”到“ExceptionObject *”的类型不兼容
E:\王永健\王永健的文件夹\IntegratedProjects\c--\c--1.4\Objects\object.c(288,76): warning C4133: “=”: 从“Object *”到“StringObject *”的类型不兼容
E:\王永健\王永健的文件夹\IntegratedProjects\c--\c--1.4\Objects\object.c(289,15): warning C4098: “Object_InsertItem”:“void”函数返回值
E:\王永健\王永健的文件夹\IntegratedProjects\c--\c--1.4\Objects\object.c(294,36): warning C4133: “=”: 从“Object *”到“ExceptionObject *”的类型不兼容
E:\王永健\王永健的文件夹\IntegratedProjects\c--\c--1.4\Objects\object.c(295,75): warning C4133: “=”: 从“Object *”到“StringObject *”的类型不兼容
E:\王永健\王永健的文件夹\IntegratedProjects\c--\c--1.4\Objects\object.c(296,14): warning C4098: “Object_InsertItem”:“void”函数返回值
E:\王永健\王永健的文件夹\IntegratedProjects\c--\c--1.4\Objects\object.c(279,1): warning C4133: “初始化”: 从“Object *”到“ListObject *”的类型不兼容
E:\王永健\王永健的文件夹\IntegratedProjects\c--\c--1.4\Objects\object.c(308,30): warning C4133: “函数”: 从“ListObject *”到“Object *”的类型不兼容
E:\王永健\王永健的文件夹\IntegratedProjects\c--\c--1.4\Objects\object.c(309,30): warning C4133: “函数”: 从“ListObject *”到“Object *”的类型不兼容
E:\王永健\王永健的文件夹\IntegratedProjects\c--\c--1.4\Objects\object.c(310,45): warning C4133: “函数”: 从“ListObject *”到“Object *”的类型不兼容
E:\王永健\王永健的文件夹\IntegratedProjects\c--\c--1.4\Objects\object.c(314,37): warning C4133: “=”: 从“Object *”到“ExceptionObject *”的类型不兼容
E:\王永健\王永健的文件夹\IntegratedProjects\c--\c--1.4\Objects\object.c(315,76): warning C4133: “=”: 从“Object *”到“StringObject *”的类型不兼容
E:\王永健\王永健的文件夹\IntegratedProjects\c--\c--1.4\Objects\object.c(321,36): warning C4133: “=”: 从“Object *”到“ExceptionObject *”的类型不兼容
E:\王永健\王永健的文件夹\IntegratedProjects\c--\c--1.4\Objects\object.c(322,75): warning C4133: “=”: 从“Object *”到“StringObject *”的类型不兼容
E:\王永健\王永健的文件夹\IntegratedProjects\c--\c--1.4\Objects\object.c(307,1): warning C4133: “初始化”: 从“Object *”到“ListObject *”的类型不兼容
E:\王永健\王永健的文件夹\IntegratedProjects\c--\c--1.4\Objects\object.c(335,30): warning C4133: “函数”: 从“ListObject *”到“Object *”的类型不兼容
E:\王永健\王永健的文件夹\IntegratedProjects\c--\c--1.4\Objects\object.c(336,30): warning C4133: “函数”: 从“ListObject *”到“Object *”的类型不兼容
E:\王永健\王永健的文件夹\IntegratedProjects\c--\c--1.4\Objects\object.c(337,45): warning C4133: “函数”: 从“ListObject *”到“Object *”的类型不兼容
E:\王永健\王永健的文件夹\IntegratedProjects\c--\c--1.4\Objects\object.c(341,37): warning C4133: “=”: 从“Object *”到“ExceptionObject *”的类型不兼容
E:\王永健\王永健的文件夹\IntegratedProjects\c--\c--1.4\Objects\object.c(342,76): warning C4133: “=”: 从“Object *”到“StringObject *”的类型不兼容
E:\王永健\王永健的文件夹\IntegratedProjects\c--\c--1.4\Objects\object.c(348,36): warning C4133: “=”: 从“Object *”到“ExceptionObject *”的类型不兼容
E:\王永健\王永健的文件夹\IntegratedProjects\c--\c--1.4\Objects\object.c(349,75): warning C4133: “=”: 从“Object *”到“StringObject *”的类型不兼容
E:\王永健\王永健的文件夹\IntegratedProjects\c--\c--1.4\Objects\object.c(334,1): warning C4133: “初始化”: 从“Object *”到“ListObject *”的类型不兼容
E:\王永健\王永健的文件夹\IntegratedProjects\c--\c--1.4\Objects\object.c(362,30): warning C4133: “函数”: 从“ListObject *”到“Object *”的类型不兼容
E:\王永健\王永健的文件夹\IntegratedProjects\c--\c--1.4\Objects\object.c(363,30): warning C4133: “函数”: 从“ListObject *”到“Object *”的类型不兼容
E:\王永健\王永健的文件夹\IntegratedProjects\c--\c--1.4\Objects\object.c(364,45): warning C4133: “函数”: 从“ListObject *”到“Object *”的类型不兼容
E:\王永健\王永健的文件夹\IntegratedProjects\c--\c--1.4\Objects\object.c(368,37): warning C4133: “=”: 从“Object *”到“ExceptionObject *”的类型不兼容
E:\王永健\王永健的文件夹\IntegratedProjects\c--\c--1.4\Objects\object.c(369,76): warning C4133: “=”: 从“Object *”到“StringObject *”的类型不兼容
E:\王永健\王永健的文件夹\IntegratedProjects\c--\c--1.4\Objects\object.c(375,36): warning C4133: “=”: 从“Object *”到“ExceptionObject *”的类型不兼容
E:\王永健\王永健的文件夹\IntegratedProjects\c--\c--1.4\Objects\object.c(376,75): warning C4133: “=”: 从“Object *”到“StringObject *”的类型不兼容
E:\王永健\王永健的文件夹\IntegratedProjects\c--\c--1.4\Objects\object.c(361,1): warning C4133: “初始化”: 从“Object *”到“ListObject *”的类型不兼容
E:\王永健\王永健的文件夹\IntegratedProjects\c--\c--1.4\Objects\object.c(389,30): warning C4133: “函数”: 从“ListObject *”到“Object *”的类型不兼容
E:\王永健\王永健的文件夹\IntegratedProjects\c--\c--1.4\Objects\object.c(390,30): warning C4133: “函数”: 从“ListObject *”到“Object *”的类型不兼容
E:\王永健\王永健的文件夹\IntegratedProjects\c--\c--1.4\Objects\object.c(391,45): warning C4133: “函数”: 从“ListObject *”到“Object *”的类型不兼容
E:\王永健\王永健的文件夹\IntegratedProjects\c--\c--1.4\Objects\object.c(395,37): warning C4133: “=”: 从“Object *”到“ExceptionObject *”的类型不兼容
E:\王永健\王永健的文件夹\IntegratedProjects\c--\c--1.4\Objects\object.c(396,76): warning C4133: “=”: 从“Object *”到“StringObject *”的类型不兼容
E:\王永健\王永健的文件夹\IntegratedProjects\c--\c--1.4\Objects\object.c(402,36): warning C4133: “=”: 从“Object *”到“ExceptionObject *”的类型不兼容
E:\王永健\王永健的文件夹\IntegratedProjects\c--\c--1.4\Objects\object.c(403,75): warning C4133: “=”: 从“Object *”到“StringObject *”的类型不兼容
E:\王永健\王永健的文件夹\IntegratedProjects\c--\c--1.4\Objects\object.c(388,1): warning C4133: “初始化”: 从“Object *”到“ListObject *”的类型不兼容
E:\王永健\王永健的文件夹\IntegratedProjects\c--\c--1.4\Objects\object.c(416,30): warning C4133: “函数”: 从“ListObject *”到“Object *”的类型不兼容
E:\王永健\王永健的文件夹\IntegratedProjects\c--\c--1.4\Objects\object.c(417,30): warning C4133: “函数”: 从“ListObject *”到“Object *”的类型不兼容
E:\王永健\王永健的文件夹\IntegratedProjects\c--\c--1.4\Objects\object.c(418,45): warning C4133: “函数”: 从“ListObject *”到“Object *”的类型不兼容
E:\王永健\王永健的文件夹\IntegratedProjects\c--\c--1.4\Objects\object.c(422,37): warning C4133: “=”: 从“Object *”到“ExceptionObject *”的类型不兼容
E:\王永健\王永健的文件夹\IntegratedProjects\c--\c--1.4\Objects\object.c(423,76): warning C4133: “=”: 从“Object *”到“StringObject *”的类型不兼容
E:\王永健\王永健的文件夹\IntegratedProjects\c--\c--1.4\Objects\object.c(429,36): warning C4133: “=”: 从“Object *”到“ExceptionObject *”的类型不兼容
E:\王永健\王永健的文件夹\IntegratedProjects\c--\c--1.4\Objects\object.c(430,75): warning C4133: “=”: 从“Object *”到“StringObject *”的类型不兼容
E:\王永健\王永健的文件夹\IntegratedProjects\c--\c--1.4\Objects\object.c(415,1): warning C4133: “初始化”: 从“Object *”到“ListObject *”的类型不兼容
E:\王永健\王永健的文件夹\IntegratedProjects\c--\c--1.4\Objects\object.c(450,30): warning C4133: “函数”: 从“ListObject *”到“Object *”的类型不兼容
E:\王永健\王永健的文件夹\IntegratedProjects\c--\c--1.4\Objects\object.c(451,30): warning C4133: “函数”: 从“ListObject *”到“Object *”的类型不兼容
E:\王永健\王永健的文件夹\IntegratedProjects\c--\c--1.4\Objects\object.c(452,45): warning C4133: “函数”: 从“ListObject *”到“Object *”的类型不兼容
E:\王永健\王永健的文件夹\IntegratedProjects\c--\c--1.4\Objects\object.c(456,37): warning C4133: “=”: 从“Object *”到“ExceptionObject *”的类型不兼容
E:\王永健\王永健的文件夹\IntegratedProjects\c--\c--1.4\Objects\object.c(457,76): warning C4133: “=”: 从“Object *”到“StringObject *”的类型不兼容
E:\王永健\王永健的文件夹\IntegratedProjects\c--\c--1.4\Objects\object.c(463,36): warning C4133: “=”: 从“Object *”到“ExceptionObject *”的类型不兼容
E:\王永健\王永健的文件夹\IntegratedProjects\c--\c--1.4\Objects\object.c(464,75): warning C4133: “=”: 从“Object *”到“StringObject *”的类型不兼容
E:\王永健\王永健的文件夹\IntegratedProjects\c--\c--1.4\Objects\object.c(449,1): warning C4133: “初始化”: 从“Object *”到“ListObject *”的类型不兼容
E:\王永健\王永健的文件夹\IntegratedProjects\c--\c--1.4\Objects\object.c(483,29): warning C4133: “函数”: 从“ListObject *”到“Object *”的类型不兼容
E:\王永健\王永健的文件夹\IntegratedProjects\c--\c--1.4\Objects\object.c(484,29): warning C4133: “函数”: 从“ListObject *”到“Object *”的类型不兼容
E:\王永健\王永健的文件夹\IntegratedProjects\c--\c--1.4\Objects\object.c(485,29): warning C4133: “函数”: 从“ListObject *”到“Object *”的类型不兼容
E:\王永健\王永健的文件夹\IntegratedProjects\c--\c--1.4\Objects\object.c(486,44): warning C4133: “函数”: 从“ListObject *”到“Object *”的类型不兼容
E:\王永健\王永健的文件夹\IntegratedProjects\c--\c--1.4\Objects\object.c(486,45): warning C4098: “Object_SetAttr”:“void”函数返回值
E:\王永健\王永健的文件夹\IntegratedProjects\c--\c--1.4\Objects\object.c(482,1): warning C4133: “初始化”: 从“Object *”到“ListObject *”的类型不兼容
E:\王永健\王永健的文件夹\IntegratedProjects\c--\c--1.4\Objects\object.c(496,29): warning C4133: “函数”: 从“ListObject *”到“Object *”的类型不兼容
E:\王永健\王永健的文件夹\IntegratedProjects\c--\c--1.4\Objects\object.c(497,29): warning C4133: “函数”: 从“ListObject *”到“Object *”的类型不兼容
E:\王永健\王永健的文件夹\IntegratedProjects\c--\c--1.4\Objects\object.c(497,70): warning C4047: “函数”:“int”与“Object *”的间接级别不同
E:\王永健\王永健的文件夹\IntegratedProjects\c--\c--1.4\Objects\object.c(497,65): warning C4024: “IntObject_NewWithValue”: 形参和实参 1 的类型不同
E:\王永健\王永健的文件夹\IntegratedProjects\c--\c--1.4\Objects\object.c(498,29): warning C4133: “函数”: 从“ListObject *”到“Object *”的类型不兼容
E:\王永健\王永健的文件夹\IntegratedProjects\c--\c--1.4\Objects\object.c(499,44): warning C4133: “函数”: 从“ListObject *”到“Object *”的类型不兼容
E:\王永健\王永健的文件夹\IntegratedProjects\c--\c--1.4\Objects\object.c(499,45): warning C4098: “Object_SetItem”:“void”函数返回值
E:\王永健\王永健的文件夹\IntegratedProjects\c--\c--1.4\Objects\object.c(495,1): warning C4133: “初始化”: 从“Object *”到“ListObject *”的类型不兼容
E:\王永健\王永健的文件夹\IntegratedProjects\c--\c--1.4\Objects\object.c(511,30): warning C4133: “函数”: 从“ListObject *”到“Object *”的类型不兼容
E:\王永健\王永健的文件夹\IntegratedProjects\c--\c--1.4\Objects\object.c(512,30): warning C4133: “函数”: 从“ListObject *”到“Object *”的类型不兼容
E:\王永健\王永健的文件夹\IntegratedProjects\c--\c--1.4\Objects\object.c(513,45): warning C4133: “函数”: 从“ListObject *”到“Object *”的类型不兼容
E:\王永健\王永健的文件夹\IntegratedProjects\c--\c--1.4\Objects\object.c(517,37): warning C4133: “=”: 从“Object *”到“ExceptionObject *”的类型不兼容
E:\王永健\王永健的文件夹\IntegratedProjects\c--\c--1.4\Objects\object.c(518,76): warning C4133: “=”: 从“Object *”到“StringObject *”的类型不兼容
E:\王永健\王永健的文件夹\IntegratedProjects\c--\c--1.4\Objects\object.c(524,36): warning C4133: “=”: 从“Object *”到“ExceptionObject *”的类型不兼容
E:\王永健\王永健的文件夹\IntegratedProjects\c--\c--1.4\Objects\object.c(525,75): warning C4133: “=”: 从“Object *”到“StringObject *”的类型不兼容
E:\王永健\王永健的文件夹\IntegratedProjects\c--\c--1.4\Objects\object.c(510,1): warning C4133: “初始化”: 从“Object *”到“ListObject *”的类型不兼容
  opcodeobject.c
E:\王永健\王永健的文件夹\IntegratedProjects\c--\c--1.4\Include\object.h(100,1): warning C4113: “Object *(__cdecl *)(Object *,Object *)”和“SetItem”的参数列表不同
E:\王永健\王永健的文件夹\IntegratedProjects\c--\c--1.4\Include\object.h(100,1): warning C4047: “初始化”:“SetItem”与“Object *(__cdecl *)(Object *,Object *)”的间接级别不同
E:\王永健\王永健的文件夹\IntegratedProjects\c--\c--1.4\Objects\opcodeobject.c(13,1): warning C4133: “初始化”: 从“Object *”到“OpCodeObject *”的类型不兼容
  stringobject.c
E:\王永健\王永健的文件夹\IntegratedProjects\c--\c--1.4\Include\object.h(100,1): warning C4113: “Object *(__cdecl *)(Object *,Object *)”和“SetItem”的参数列表不同
E:\王永健\王永健的文件夹\IntegratedProjects\c--\c--1.4\Include\object.h(100,1): warning C4047: “初始化”:“SetItem”与“Object *(__cdecl *)(Object *,Object *)”的间接级别不同
E:\王永健\王永健的文件夹\IntegratedProjects\c--\c--1.4\Objects\stringobject.c(9,39): warning C4133: “=”: 从“DictObject *”到“Object *”的类型不兼容
E:\王永健\王永健的文件夹\IntegratedProjects\c--\c--1.4\Objects\stringobject.c(97,33): warning C4133: “函数”: 从“ListObject *”到“Object *”的类型不兼容
E:\王永健\王永健的文件夹\IntegratedProjects\c--\c--1.4\Objects\stringobject.c(97,50): warning C4133: “函数”: 从“StringObject *”到“Object *”的类型不兼容
E:\王永健\王永健的文件夹\IntegratedProjects\c--\c--1.4\Objects\stringobject.c(99,27): warning C4133: “=”: 从“Object *”到“StringObject *”的类型不兼容
E:\王永健\王永健的文件夹\IntegratedProjects\c--\c--1.4\Objects\stringobject.c(101,26): warning C4133: “函数”: 从“StringObject *”到“Object *”的类型不兼容
E:\王永健\王永健的文件夹\IntegratedProjects\c--\c--1.4\Objects\stringobject.c(101,76): warning C4133: “=”: 从“Object *”到“StringObject *”的类型不兼容
E:\王永健\王永健的文件夹\IntegratedProjects\c--\c--1.4\Objects\stringobject.c(104,31): warning C4133: “函数”: 从“ListObject *”到“Object *”的类型不兼容
E:\王永健\王永健的文件夹\IntegratedProjects\c--\c--1.4\Objects\stringobject.c(104,48): warning C4133: “函数”: 从“StringObject *”到“Object *”的类型不兼容
E:\王永健\王永健的文件夹\IntegratedProjects\c--\c--1.4\Objects\stringobject.c(87,1): warning C4133: “初始化”: 从“Object *”到“ListObject *”的类型不兼容
E:\王永健\王永健的文件夹\IntegratedProjects\c--\c--1.4\Objects\stringobject.c(92,1): warning C4133: “初始化”: 从“Object *”到“StringObject *”的类型不兼容
E:\王永健\王永健的文件夹\IntegratedProjects\c--\c--1.4\Objects\stringobject.c(130,57): warning C4133: “return”: 从“ListObject *”到“Object *”的类型不兼容
  正在生成代码
  Previous IPDB not found, fall back to full compilation.
  All 211 functions were compiled because no usable IPDB/IOBJ from previous compilation was found.
  已完成代码的生成
  c--1.4.vcxproj -> E:\王永健\王永健的文件夹\IntegratedProjects\c--\c--1.4\Release\c--1.4.exe
