  translater.c
E:\王永健\王永健的文件夹\IntegratedProjects\c--\c--1.4\Include\intobject.h(30,1): warning C4028: 形参 1 与声明不同
E:\王永健\王永健的文件夹\IntegratedProjects\c--\c--1.4\Include\doubleobject.h(28,1): warning C4028: 形参 1 与声明不同
E:\王永健\王永健的文件夹\IntegratedProjects\c--\c--1.4\Compiler\translater.c(6,37): warning C4133: “=”: 从“Object *”到“ByteCodeObject *”的类型不兼容
E:\王永健\王永健的文件夹\IntegratedProjects\c--\c--1.4\Compiler\translater.c(12,33): warning C4133: “=”: 从“Object *”到“DictObject *”的类型不兼容
E:\王永健\王永健的文件夹\IntegratedProjects\c--\c--1.4\Compiler\translater.c(13,33): warning C4133: “函数”: 从“DictObject *”到“Object *”的类型不兼容
E:\王永健\王永健的文件夹\IntegratedProjects\c--\c--1.4\Compiler\translater.c(14,33): warning C4133: “函数”: 从“DictObject *”到“Object *”的类型不兼容
E:\王永健\王永健的文件夹\IntegratedProjects\c--\c--1.4\Compiler\translater.c(15,33): warning C4133: “函数”: 从“DictObject *”到“Object *”的类型不兼容
E:\王永健\王永健的文件夹\IntegratedProjects\c--\c--1.4\Compiler\translater.c(16,33): warning C4133: “函数”: 从“DictObject *”到“Object *”的类型不兼容
E:\王永健\王永健的文件夹\IntegratedProjects\c--\c--1.4\Compiler\translater.c(17,33): warning C4133: “函数”: 从“DictObject *”到“Object *”的类型不兼容
E:\王永健\王永健的文件夹\IntegratedProjects\c--\c--1.4\Compiler\translater.c(18,33): warning C4133: “函数”: 从“DictObject *”到“Object *”的类型不兼容
E:\王永健\王永健的文件夹\IntegratedProjects\c--\c--1.4\Compiler\translater.c(19,33): warning C4133: “函数”: 从“DictObject *”到“Object *”的类型不兼容
E:\王永健\王永健的文件夹\IntegratedProjects\c--\c--1.4\Compiler\translater.c(20,33): warning C4133: “函数”: 从“DictObject *”到“Object *”的类型不兼容
E:\王永健\王永健的文件夹\IntegratedProjects\c--\c--1.4\Compiler\translater.c(21,33): warning C4133: “函数”: 从“DictObject *”到“Object *”的类型不兼容
E:\王永健\王永健的文件夹\IntegratedProjects\c--\c--1.4\Compiler\translater.c(22,33): warning C4133: “函数”: 从“DictObject *”到“Object *”的类型不兼容
E:\王永健\王永健的文件夹\IntegratedProjects\c--\c--1.4\Compiler\translater.c(23,33): warning C4133: “函数”: 从“DictObject *”到“Object *”的类型不兼容
E:\王永健\王永健的文件夹\IntegratedProjects\c--\c--1.4\Compiler\translater.c(24,33): warning C4133: “函数”: 从“DictObject *”到“Object *”的类型不兼容
E:\王永健\王永健的文件夹\IntegratedProjects\c--\c--1.4\Compiler\translater.c(25,33): warning C4133: “函数”: 从“DictObject *”到“Object *”的类型不兼容
E:\王永健\王永健的文件夹\IntegratedProjects\c--\c--1.4\Compiler\translater.c(45,51): warning C4133: “函数”: 从“ListObject *”到“Object *”的类型不兼容
E:\王永健\王永健的文件夹\IntegratedProjects\c--\c--1.4\Compiler\translater.c(52,51): warning C4133: “函数”: 从“ListObject *”到“Object *”的类型不兼容
E:\王永健\王永健的文件夹\IntegratedProjects\c--\c--1.4\Compiler\translater.c(55,3): warning C4133: “函数”: 从“ListObject *”到“Object *”的类型不兼容
E:\王永健\王永健的文件夹\IntegratedProjects\c--\c--1.4\Compiler\translater.c(57,52): warning C4133: “函数”: 从“ListObject *”到“Object *”的类型不兼容
E:\王永健\王永健的文件夹\IntegratedProjects\c--\c--1.4\Compiler\translater.c(60,3): warning C4133: “函数”: 从“ListObject *”到“Object *”的类型不兼容
E:\王永健\王永健的文件夹\IntegratedProjects\c--\c--1.4\Compiler\translater.c(68,60): warning C4133: “函数”: 从“DictObject *”到“Object *”的类型不兼容
E:\王永健\王永健的文件夹\IntegratedProjects\c--\c--1.4\Compiler\translater.c(68,75): warning C4133: “函数”: 从“StringObject *”到“Object *”的类型不兼容
E:\王永健\王永健的文件夹\IntegratedProjects\c--\c--1.4\Compiler\translater.c(70,3): warning C4133: “函数”: 从“ListObject *”到“Object *”的类型不兼容
E:\王永健\王永健的文件夹\IntegratedProjects\c--\c--1.4\Compiler\translater.c(75,63): warning C4133: “函数”: 从“ListObject *”到“Object *”的类型不兼容
E:\王永健\王永健的文件夹\IntegratedProjects\c--\c--1.4\Compiler\translater.c(75,78): warning C4133: “函数”: 从“StringObject *”到“Object *”的类型不兼容
E:\王永健\王永健的文件夹\IntegratedProjects\c--\c--1.4\Compiler\translater.c(79,54): warning C4133: “函数”: 从“ListObject *”到“Object *”的类型不兼容
E:\王永健\王永健的文件夹\IntegratedProjects\c--\c--1.4\Compiler\translater.c(79,105): warning C4133: “函数”: 从“StringObject *”到“Object *”的类型不兼容
E:\王永健\王永健的文件夹\IntegratedProjects\c--\c--1.4\Compiler\translater.c(98,3): warning C4133: “函数”: 从“ListObject *”到“Object *”的类型不兼容
E:\王永健\王永健的文件夹\IntegratedProjects\c--\c--1.4\Compiler\translater.c(103,63): warning C4133: “函数”: 从“ListObject *”到“Object *”的类型不兼容
E:\王永健\王永健的文件夹\IntegratedProjects\c--\c--1.4\Compiler\translater.c(107,54): warning C4133: “函数”: 从“ListObject *”到“Object *”的类型不兼容
E:\王永健\王永健的文件夹\IntegratedProjects\c--\c--1.4\Compiler\translater.c(111,3): warning C4133: “函数”: 从“ListObject *”到“Object *”的类型不兼容
E:\王永健\王永健的文件夹\IntegratedProjects\c--\c--1.4\Compiler\translater.c(117,54): warning C4133: “函数”: 从“ListObject *”到“Object *”的类型不兼容
E:\王永健\王永健的文件夹\IntegratedProjects\c--\c--1.4\Compiler\translater.c(133,3): warning C4133: “函数”: 从“ListObject *”到“Object *”的类型不兼容
E:\王永健\王永健的文件夹\IntegratedProjects\c--\c--1.4\Compiler\translater.c(147,5): warning C4133: “函数”: 从“ListObject *”到“Object *”的类型不兼容
E:\王永健\王永健的文件夹\IntegratedProjects\c--\c--1.4\Compiler\translater.c(149,5): warning C4133: “函数”: 从“ListObject *”到“Object *”的类型不兼容
E:\王永健\王永健的文件夹\IntegratedProjects\c--\c--1.4\Compiler\translater.c(152,51): warning C4133: “函数”: 从“ListObject *”到“Object *”的类型不兼容
E:\王永健\王永健的文件夹\IntegratedProjects\c--\c--1.4\Compiler\translater.c(158,65): warning C4133: “函数”: 从“ListObject *”到“Object *”的类型不兼容
E:\王永健\王永健的文件夹\IntegratedProjects\c--\c--1.4\Compiler\translater.c(158,77): warning C4133: “函数”: 从“StringObject *”到“Object *”的类型不兼容
E:\王永健\王永健的文件夹\IntegratedProjects\c--\c--1.4\Compiler\translater.c(162,56): warning C4133: “函数”: 从“ListObject *”到“Object *”的类型不兼容
E:\王永健\王永健的文件夹\IntegratedProjects\c--\c--1.4\Compiler\translater.c(162,104): warning C4133: “函数”: 从“StringObject *”到“Object *”的类型不兼容
E:\王永健\王永健的文件夹\IntegratedProjects\c--\c--1.4\Compiler\translater.c(166,5): warning C4133: “函数”: 从“ListObject *”到“Object *”的类型不兼容
E:\王永健\王永健的文件夹\IntegratedProjects\c--\c--1.4\Compiler\translater.c(177,5): warning C4133: “函数”: 从“ListObject *”到“Object *”的类型不兼容
E:\王永健\王永健的文件夹\IntegratedProjects\c--\c--1.4\Compiler\translater.c(190,3): warning C4133: “函数”: 从“ListObject *”到“Object *”的类型不兼容
E:\王永健\王永健的文件夹\IntegratedProjects\c--\c--1.4\Compiler\translater.c(195,4): warning C4133: “函数”: 从“ListObject *”到“Object *”的类型不兼容
E:\王永健\王永健的文件夹\IntegratedProjects\c--\c--1.4\Compiler\translater.c(203,3): warning C4133: “函数”: 从“ListObject *”到“Object *”的类型不兼容
E:\王永健\王永健的文件夹\IntegratedProjects\c--\c--1.4\Compiler\translater.c(209,63): warning C4133: “函数”: 从“ListObject *”到“Object *”的类型不兼容
E:\王永健\王永健的文件夹\IntegratedProjects\c--\c--1.4\Compiler\translater.c(209,80): warning C4133: “函数”: 从“StringObject *”到“Object *”的类型不兼容
E:\王永健\王永健的文件夹\IntegratedProjects\c--\c--1.4\Compiler\translater.c(213,54): warning C4133: “函数”: 从“ListObject *”到“Object *”的类型不兼容
E:\王永健\王永健的文件夹\IntegratedProjects\c--\c--1.4\Compiler\translater.c(213,107): warning C4133: “函数”: 从“StringObject *”到“Object *”的类型不兼容
E:\王永健\王永健的文件夹\IntegratedProjects\c--\c--1.4\Compiler\translater.c(217,3): warning C4133: “函数”: 从“ListObject *”到“Object *”的类型不兼容
E:\王永健\王永健的文件夹\IntegratedProjects\c--\c--1.4\Compiler\translater.c(220,43): warning C4133: “函数”: 从“ListObject *”到“Object *”的类型不兼容
E:\王永健\王永健的文件夹\IntegratedProjects\c--\c--1.4\Compiler\translater.c(221,43): warning C4133: “函数”: 从“ListObject *”到“Object *”的类型不兼容
E:\王永健\王永健的文件夹\IntegratedProjects\c--\c--1.4\Compiler\translater.c(223,53): warning C4133: “函数”: 从“ListObject *”到“Object *”的类型不兼容
E:\王永健\王永健的文件夹\IntegratedProjects\c--\c--1.4\Compiler\translater.c(223,103): warning C4133: “函数”: 从“ByteCodeObject *”到“Object *”的类型不兼容
E:\王永健\王永健的文件夹\IntegratedProjects\c--\c--1.4\Compiler\translater.c(226,3): warning C4133: “函数”: 从“ListObject *”到“Object *”的类型不兼容
E:\王永健\王永健的文件夹\IntegratedProjects\c--\c--1.4\Compiler\translater.c(229,3): warning C4133: “函数”: 从“ListObject *”到“Object *”的类型不兼容
E:\王永健\王永健的文件夹\IntegratedProjects\c--\c--1.4\Compiler\translater.c(233,3): warning C4133: “函数”: 从“ListObject *”到“Object *”的类型不兼容
E:\王永健\王永健的文件夹\IntegratedProjects\c--\c--1.4\Compiler\translater.c(239,3): warning C4133: “函数”: 从“ListObject *”到“Object *”的类型不兼容
E:\王永健\王永健的文件夹\IntegratedProjects\c--\c--1.4\Compiler\translater.c(243,3): warning C4133: “函数”: 从“ListObject *”到“Object *”的类型不兼容
E:\王永健\王永健的文件夹\IntegratedProjects\c--\c--1.4\Compiler\translater.c(249,51): warning C4133: “函数”: 从“ListObject *”到“Object *”的类型不兼容
E:\王永健\王永健的文件夹\IntegratedProjects\c--\c--1.4\Compiler\translater.c(253,3): warning C4133: “函数”: 从“ListObject *”到“Object *”的类型不兼容
E:\王永健\王永健的文件夹\IntegratedProjects\c--\c--1.4\Compiler\translater.c(258,3): warning C4133: “函数”: 从“ListObject *”到“Object *”的类型不兼容
E:\王永健\王永健的文件夹\IntegratedProjects\c--\c--1.4\Compiler\translater.c(262,3): warning C4133: “函数”: 从“ListObject *”到“Object *”的类型不兼容
E:\王永健\王永健的文件夹\IntegratedProjects\c--\c--1.4\Compiler\translater.c(265,3): warning C4133: “函数”: 从“ListObject *”到“Object *”的类型不兼容
E:\王永健\王永健的文件夹\IntegratedProjects\c--\c--1.4\Compiler\translater.c(270,51): warning C4133: “函数”: 从“ListObject *”到“Object *”的类型不兼容
E:\王永健\王永健的文件夹\IntegratedProjects\c--\c--1.4\Compiler\translater.c(274,3): warning C4133: “函数”: 从“ListObject *”到“Object *”的类型不兼容
E:\王永健\王永健的文件夹\IntegratedProjects\c--\c--1.4\Compiler\translater.c(280,63): warning C4133: “函数”: 从“ListObject *”到“Object *”的类型不兼容
E:\王永健\王永健的文件夹\IntegratedProjects\c--\c--1.4\Compiler\translater.c(280,80): warning C4133: “函数”: 从“StringObject *”到“Object *”的类型不兼容
E:\王永健\王永健的文件夹\IntegratedProjects\c--\c--1.4\Compiler\translater.c(284,54): warning C4133: “函数”: 从“ListObject *”到“Object *”的类型不兼容
E:\王永健\王永健的文件夹\IntegratedProjects\c--\c--1.4\Compiler\translater.c(284,107): warning C4133: “函数”: 从“StringObject *”到“Object *”的类型不兼容
E:\王永健\王永健的文件夹\IntegratedProjects\c--\c--1.4\Compiler\translater.c(302,3): warning C4133: “函数”: 从“ListObject *”到“Object *”的类型不兼容
E:\王永健\王永健的文件夹\IntegratedProjects\c--\c--1.4\Compiler\translater.c(309,3): warning C4133: “函数”: 从“ListObject *”到“Object *”的类型不兼容
E:\王永健\王永健的文件夹\IntegratedProjects\c--\c--1.4\Compiler\translater.c(316,3): warning C4133: “函数”: 从“ListObject *”到“Object *”的类型不兼容
E:\王永健\王永健的文件夹\IntegratedProjects\c--\c--1.4\Compiler\translater.c(326,64): warning C4133: “函数”: 从“ListObject *”到“Object *”的类型不兼容
E:\王永健\王永健的文件夹\IntegratedProjects\c--\c--1.4\Compiler\translater.c(326,74): warning C4133: “函数”: 从“StringObject *”到“Object *”的类型不兼容
E:\王永健\王永健的文件夹\IntegratedProjects\c--\c--1.4\Compiler\translater.c(330,55): warning C4133: “函数”: 从“ListObject *”到“Object *”的类型不兼容
E:\王永健\王永健的文件夹\IntegratedProjects\c--\c--1.4\Compiler\translater.c(330,101): warning C4133: “函数”: 从“StringObject *”到“Object *”的类型不兼容
E:\王永健\王永健的文件夹\IntegratedProjects\c--\c--1.4\Compiler\translater.c(337,64): warning C4133: “函数”: 从“ListObject *”到“Object *”的类型不兼容
E:\王永健\王永健的文件夹\IntegratedProjects\c--\c--1.4\Compiler\translater.c(337,74): warning C4133: “函数”: 从“StringObject *”到“Object *”的类型不兼容
E:\王永健\王永健的文件夹\IntegratedProjects\c--\c--1.4\Compiler\translater.c(341,55): warning C4133: “函数”: 从“ListObject *”到“Object *”的类型不兼容
E:\王永健\王永健的文件夹\IntegratedProjects\c--\c--1.4\Compiler\translater.c(341,101): warning C4133: “函数”: 从“StringObject *”到“Object *”的类型不兼容
E:\王永健\王永健的文件夹\IntegratedProjects\c--\c--1.4\Compiler\translater.c(347,3): warning C4133: “函数”: 从“ListObject *”到“Object *”的类型不兼容
E:\王永健\王永健的文件夹\IntegratedProjects\c--\c--1.4\Compiler\translater.c(68,1): warning C4133: “初始化”: 从“Object *”到“IntObject *”的类型不兼容
  eval.c
E:\王永健\王永健的文件夹\IntegratedProjects\c--\c--1.4\Include\intobject.h(30,1): warning C4028: 形参 1 与声明不同
E:\王永健\王永健的文件夹\IntegratedProjects\c--\c--1.4\Interpreter\eval.c(19,31): warning C4133: “函数”: 从“ListObject *”到“Object *”的类型不兼容
E:\王永健\王永健的文件夹\IntegratedProjects\c--\c--1.4\Interpreter\eval.c(22,39): warning C4133: “函数”: 从“DictObject *”到“Object *”的类型不兼容
E:\王永健\王永健的文件夹\IntegratedProjects\c--\c--1.4\Interpreter\eval.c(23,32): warning C4133: “函数”: 从“ListObject *”到“Object *”的类型不兼容
E:\王永健\王永健的文件夹\IntegratedProjects\c--\c--1.4\Interpreter\eval.c(28,60): warning C4133: “函数”: 从“DictObject *”到“Object *”的类型不兼容
E:\王永健\王永健的文件夹\IntegratedProjects\c--\c--1.4\Interpreter\eval.c(31,47): warning C4133: “函数”: 从“DictObject *”到“Object *”的类型不兼容
E:\王永健\王永健的文件夹\IntegratedProjects\c--\c--1.4\Interpreter\eval.c(39,31): warning C4133: “函数”: 从“ListObject *”到“Object *”的类型不兼容
E:\王永健\王永健的文件夹\IntegratedProjects\c--\c--1.4\Interpreter\eval.c(45,32): warning C4133: “函数”: 从“ListObject *”到“Object *”的类型不兼容
E:\王永健\王永健的文件夹\IntegratedProjects\c--\c--1.4\Interpreter\eval.c(47,32): warning C4133: “函数”: 从“ListObject *”到“Object *”的类型不兼容
E:\王永健\王永健的文件夹\IntegratedProjects\c--\c--1.4\Interpreter\eval.c(48,31): warning C4133: “函数”: 从“ListObject *”到“Object *”的类型不兼容
E:\王永健\王永健的文件夹\IntegratedProjects\c--\c--1.4\Interpreter\eval.c(54,32): warning C4133: “函数”: 从“ListObject *”到“Object *”的类型不兼容
E:\王永健\王永健的文件夹\IntegratedProjects\c--\c--1.4\Interpreter\eval.c(56,32): warning C4133: “函数”: 从“ListObject *”到“Object *”的类型不兼容
E:\王永健\王永健的文件夹\IntegratedProjects\c--\c--1.4\Interpreter\eval.c(57,31): warning C4133: “函数”: 从“ListObject *”到“Object *”的类型不兼容
E:\王永健\王永健的文件夹\IntegratedProjects\c--\c--1.4\Interpreter\eval.c(63,32): warning C4133: “函数”: 从“ListObject *”到“Object *”的类型不兼容
E:\王永健\王永健的文件夹\IntegratedProjects\c--\c--1.4\Interpreter\eval.c(65,32): warning C4133: “函数”: 从“ListObject *”到“Object *”的类型不兼容
E:\王永健\王永健的文件夹\IntegratedProjects\c--\c--1.4\Interpreter\eval.c(66,31): warning C4133: “函数”: 从“ListObject *”到“Object *”的类型不兼容
E:\王永健\王永健的文件夹\IntegratedProjects\c--\c--1.4\Interpreter\eval.c(72,32): warning C4133: “函数”: 从“ListObject *”到“Object *”的类型不兼容
E:\王永健\王永健的文件夹\IntegratedProjects\c--\c--1.4\Interpreter\eval.c(74,32): warning C4133: “函数”: 从“ListObject *”到“Object *”的类型不兼容
E:\王永健\王永健的文件夹\IntegratedProjects\c--\c--1.4\Interpreter\eval.c(75,31): warning C4133: “函数”: 从“ListObject *”到“Object *”的类型不兼容
E:\王永健\王永健的文件夹\IntegratedProjects\c--\c--1.4\Interpreter\eval.c(81,32): warning C4133: “函数”: 从“ListObject *”到“Object *”的类型不兼容
E:\王永健\王永健的文件夹\IntegratedProjects\c--\c--1.4\Interpreter\eval.c(83,32): warning C4133: “函数”: 从“ListObject *”到“Object *”的类型不兼容
E:\王永健\王永健的文件夹\IntegratedProjects\c--\c--1.4\Interpreter\eval.c(84,31): warning C4133: “函数”: 从“ListObject *”到“Object *”的类型不兼容
E:\王永健\王永健的文件夹\IntegratedProjects\c--\c--1.4\Interpreter\eval.c(90,32): warning C4133: “函数”: 从“ListObject *”到“Object *”的类型不兼容
E:\王永健\王永健的文件夹\IntegratedProjects\c--\c--1.4\Interpreter\eval.c(92,32): warning C4133: “函数”: 从“ListObject *”到“Object *”的类型不兼容
E:\王永健\王永健的文件夹\IntegratedProjects\c--\c--1.4\Interpreter\eval.c(93,31): warning C4133: “函数”: 从“ListObject *”到“Object *”的类型不兼容
E:\王永健\王永健的文件夹\IntegratedProjects\c--\c--1.4\Interpreter\eval.c(99,32): warning C4133: “函数”: 从“ListObject *”到“Object *”的类型不兼容
E:\王永健\王永健的文件夹\IntegratedProjects\c--\c--1.4\Interpreter\eval.c(101,32): warning C4133: “函数”: 从“ListObject *”到“Object *”的类型不兼容
E:\王永健\王永健的文件夹\IntegratedProjects\c--\c--1.4\Interpreter\eval.c(102,31): warning C4133: “函数”: 从“ListObject *”到“Object *”的类型不兼容
E:\王永健\王永健的文件夹\IntegratedProjects\c--\c--1.4\Interpreter\eval.c(108,32): warning C4133: “函数”: 从“ListObject *”到“Object *”的类型不兼容
E:\王永健\王永健的文件夹\IntegratedProjects\c--\c--1.4\Interpreter\eval.c(110,32): warning C4133: “函数”: 从“ListObject *”到“Object *”的类型不兼容
E:\王永健\王永健的文件夹\IntegratedProjects\c--\c--1.4\Interpreter\eval.c(111,31): warning C4133: “函数”: 从“ListObject *”到“Object *”的类型不兼容
E:\王永健\王永健的文件夹\IntegratedProjects\c--\c--1.4\Interpreter\eval.c(117,32): warning C4133: “函数”: 从“ListObject *”到“Object *”的类型不兼容
E:\王永健\王永健的文件夹\IntegratedProjects\c--\c--1.4\Interpreter\eval.c(119,32): warning C4133: “函数”: 从“ListObject *”到“Object *”的类型不兼容
E:\王永健\王永健的文件夹\IntegratedProjects\c--\c--1.4\Interpreter\eval.c(120,31): warning C4133: “函数”: 从“ListObject *”到“Object *”的类型不兼容
E:\王永健\王永健的文件夹\IntegratedProjects\c--\c--1.4\Interpreter\eval.c(120,73): warning C4133: “函数”: 从“Object *”到“Oject *”的类型不兼容
E:\王永健\王永健的文件夹\IntegratedProjects\c--\c--1.4\Interpreter\eval.c(126,32): warning C4133: “函数”: 从“ListObject *”到“Object *”的类型不兼容
E:\王永健\王永健的文件夹\IntegratedProjects\c--\c--1.4\Interpreter\eval.c(128,32): warning C4133: “函数”: 从“ListObject *”到“Object *”的类型不兼容
E:\王永健\王永健的文件夹\IntegratedProjects\c--\c--1.4\Interpreter\eval.c(129,31): warning C4133: “函数”: 从“ListObject *”到“Object *”的类型不兼容
E:\王永健\王永健的文件夹\IntegratedProjects\c--\c--1.4\Interpreter\eval.c(135,32): warning C4133: “函数”: 从“ListObject *”到“Object *”的类型不兼容
E:\王永健\王永健的文件夹\IntegratedProjects\c--\c--1.4\Interpreter\eval.c(137,32): warning C4133: “函数”: 从“ListObject *”到“Object *”的类型不兼容
E:\王永健\王永健的文件夹\IntegratedProjects\c--\c--1.4\Interpreter\eval.c(138,31): warning C4133: “函数”: 从“ListObject *”到“Object *”的类型不兼容
E:\王永健\王永健的文件夹\IntegratedProjects\c--\c--1.4\Interpreter\eval.c(144,32): warning C4133: “函数”: 从“ListObject *”到“Object *”的类型不兼容
E:\王永健\王永健的文件夹\IntegratedProjects\c--\c--1.4\Interpreter\eval.c(146,32): warning C4133: “函数”: 从“ListObject *”到“Object *”的类型不兼容
E:\王永健\王永健的文件夹\IntegratedProjects\c--\c--1.4\Interpreter\eval.c(147,31): warning C4133: “函数”: 从“ListObject *”到“Object *”的类型不兼容
E:\王永健\王永健的文件夹\IntegratedProjects\c--\c--1.4\Interpreter\eval.c(153,32): warning C4133: “函数”: 从“ListObject *”到“Object *”的类型不兼容
E:\王永健\王永健的文件夹\IntegratedProjects\c--\c--1.4\Interpreter\eval.c(155,32): warning C4133: “函数”: 从“ListObject *”到“Object *”的类型不兼容
E:\王永健\王永健的文件夹\IntegratedProjects\c--\c--1.4\Interpreter\eval.c(156,31): warning C4133: “函数”: 从“ListObject *”到“Object *”的类型不兼容
E:\王永健\王永健的文件夹\IntegratedProjects\c--\c--1.4\Interpreter\eval.c(162,32): warning C4133: “函数”: 从“ListObject *”到“Object *”的类型不兼容
E:\王永健\王永健的文件夹\IntegratedProjects\c--\c--1.4\Interpreter\eval.c(177,32): warning C4133: “函数”: 从“ListObject *”到“Object *”的类型不兼容
E:\王永健\王永健的文件夹\IntegratedProjects\c--\c--1.4\Interpreter\eval.c(184,32): warning C4133: “函数”: 从“ListObject *”到“Object *”的类型不兼容
E:\王永健\王永健的文件夹\IntegratedProjects\c--\c--1.4\Interpreter\eval.c(186,32): warning C4133: “函数”: 从“ListObject *”到“Object *”的类型不兼容
E:\王永健\王永健的文件夹\IntegratedProjects\c--\c--1.4\Interpreter\eval.c(188,31): warning C4133: “函数”: 从“ListObject *”到“Object *”的类型不兼容
E:\王永健\王永健的文件夹\IntegratedProjects\c--\c--1.4\Interpreter\eval.c(188,50): warning C4133: “函数”: 从“FunctionObject *”到“Object *”的类型不兼容
E:\王永健\王永健的文件夹\IntegratedProjects\c--\c--1.4\Interpreter\eval.c(194,32): warning C4133: “函数”: 从“ListObject *”到“Object *”的类型不兼容
E:\王永健\王永健的文件夹\IntegratedProjects\c--\c--1.4\Interpreter\eval.c(198,31): warning C4133: “函数”: 从“ListObject *”到“Object *”的类型不兼容
E:\王永健\王永健的文件夹\IntegratedProjects\c--\c--1.4\Interpreter\eval.c(199,33): warning C4133: “函数”: 从“ListObject *”到“Object *”的类型不兼容
E:\王永健\王永健的文件夹\IntegratedProjects\c--\c--1.4\Interpreter\eval.c(201,31): warning C4133: “函数”: 从“ListObject *”到“Object *”的类型不兼容
E:\王永健\王永健的文件夹\IntegratedProjects\c--\c--1.4\Interpreter\eval.c(206,39): warning C4133: “函数”: 从“DictObject *”到“Object *”的类型不兼容
E:\王永健\王永健的文件夹\IntegratedProjects\c--\c--1.4\Interpreter\eval.c(207,32): warning C4133: “函数”: 从“ListObject *”到“Object *”的类型不兼容
E:\王永健\王永健的文件夹\IntegratedProjects\c--\c--1.4\Interpreter\eval.c(215,31): warning C4133: “函数”: 从“ListObject *”到“Object *”的类型不兼容
E:\王永健\王永健的文件夹\IntegratedProjects\c--\c--1.4\Interpreter\eval.c(216,33): warning C4133: “函数”: 从“ListObject *”到“Object *”的类型不兼容
E:\王永健\王永健的文件夹\IntegratedProjects\c--\c--1.4\Interpreter\eval.c(218,31): warning C4133: “函数”: 从“ListObject *”到“Object *”的类型不兼容
E:\王永健\王永健的文件夹\IntegratedProjects\c--\c--1.4\Interpreter\eval.c(218,50): warning C4133: “函数”: 从“ListObject *”到“Object *”的类型不兼容
E:\王永健\王永健的文件夹\IntegratedProjects\c--\c--1.4\Interpreter\eval.c(224,32): warning C4133: “函数”: 从“ListObject *”到“Object *”的类型不兼容
E:\王永健\王永健的文件夹\IntegratedProjects\c--\c--1.4\Interpreter\eval.c(226,32): warning C4133: “函数”: 从“ListObject *”到“Object *”的类型不兼容
E:\王永健\王永健的文件夹\IntegratedProjects\c--\c--1.4\Interpreter\eval.c(228,31): warning C4133: “函数”: 从“ListObject *”到“Object *”的类型不兼容
E:\王永健\王永健的文件夹\IntegratedProjects\c--\c--1.4\Interpreter\eval.c(234,32): warning C4133: “函数”: 从“ListObject *”到“Object *”的类型不兼容
E:\王永健\王永健的文件夹\IntegratedProjects\c--\c--1.4\Interpreter\eval.c(236,32): warning C4133: “函数”: 从“ListObject *”到“Object *”的类型不兼容
E:\王永健\王永健的文件夹\IntegratedProjects\c--\c--1.4\Interpreter\eval.c(238,32): warning C4133: “函数”: 从“ListObject *”到“Object *”的类型不兼容
E:\王永健\王永健的文件夹\IntegratedProjects\c--\c--1.4\Interpreter\eval.c(247,32): warning C4133: “函数”: 从“ListObject *”到“Object *”的类型不兼容
E:\王永健\王永健的文件夹\IntegratedProjects\c--\c--1.4\Interpreter\eval.c(248,31): warning C4133: “函数”: 从“ListObject *”到“Object *”的类型不兼容
E:\王永健\王永健的文件夹\IntegratedProjects\c--\c--1.4\Interpreter\eval.c(255,32): warning C4133: “函数”: 从“ListObject *”到“Object *”的类型不兼容
E:\王永健\王永健的文件夹\IntegratedProjects\c--\c--1.4\Interpreter\eval.c(257,32): warning C4133: “函数”: 从“ListObject *”到“Object *”的类型不兼容
E:\王永健\王永健的文件夹\IntegratedProjects\c--\c--1.4\Interpreter\eval.c(264,32): warning C4133: “函数”: 从“ListObject *”到“Object *”的类型不兼容
E:\王永健\王永健的文件夹\IntegratedProjects\c--\c--1.4\Interpreter\eval.c(269,31): warning C4133: “函数”: 从“ListObject *”到“Object *”的类型不兼容
E:\王永健\王永健的文件夹\IntegratedProjects\c--\c--1.4\Interpreter\eval.c(273,32): warning C4133: “函数”: 从“ListObject *”到“Object *”的类型不兼容
E:\王永健\王永健的文件夹\IntegratedProjects\c--\c--1.4\Interpreter\eval.c(277,32): warning C4133: “函数”: 从“ListObject *”到“Object *”的类型不兼容
E:\王永健\王永健的文件夹\IntegratedProjects\c--\c--1.4\Interpreter\eval.c(279,38): warning C4133: “函数”: 从“ListObject *”到“Object *”的类型不兼容
E:\王永健\王永健的文件夹\IntegratedProjects\c--\c--1.4\Interpreter\eval.c(283,33): warning C4133: “函数”: 从“ListObject *”到“Object *”的类型不兼容
E:\王永健\王永健的文件夹\IntegratedProjects\c--\c--1.4\Interpreter\eval.c(288,38): warning C4133: “函数”: 从“ListObject *”到“Object *”的类型不兼容
E:\王永健\王永健的文件夹\IntegratedProjects\c--\c--1.4\Interpreter\eval.c(300,52): warning C4133: “函数”: 从“Object *”到“StringObject *”的类型不兼容
E:\王永健\王永健的文件夹\IntegratedProjects\c--\c--1.4\Interpreter\eval.c(301,31): warning C4133: “函数”: 从“ListObject *”到“Object *”的类型不兼容
E:\王永健\王永健的文件夹\IntegratedProjects\c--\c--1.4\Interpreter\eval.c(301,48): warning C4133: “函数”: 从“NamespaceObject *”到“Object *”的类型不兼容
E:\王永健\王永健的文件夹\IntegratedProjects\c--\c--1.4\Interpreter\eval.c(307,29): warning C4133: “函数”: 从“FrameObject *”到“Object *”的类型不兼容
E:\王永健\王永健的文件夹\IntegratedProjects\c--\c--1.4\Interpreter\eval.c(11,1): warning C4133: “初始化”: 从“Object *”到“ListObject *”的类型不兼容
E:\王永健\王永健的文件夹\IntegratedProjects\c--\c--1.4\Interpreter\eval.c(183,1): warning C4133: “初始化”: 从“Object *”到“ByteCodeObject *”的类型不兼容
E:\王永健\王永健的文件夹\IntegratedProjects\c--\c--1.4\Interpreter\eval.c(185,1): warning C4133: “初始化”: 从“Object *”到“StringObject *”的类型不兼容
E:\王永健\王永健的文件夹\IntegratedProjects\c--\c--1.4\Interpreter\eval.c(195,1): warning C4133: “初始化”: 从“Object *”到“ListObject *”的类型不兼容
E:\王永健\王永健的文件夹\IntegratedProjects\c--\c--1.4\Interpreter\eval.c(212,1): warning C4133: “初始化”: 从“Object *”到“ListObject *”的类型不兼容
E:\王永健\王永健的文件夹\IntegratedProjects\c--\c--1.4\Interpreter\eval.c(278,1): warning C4133: “初始化”: 从“Object *”到“BlockObject *”的类型不兼容
E:\王永健\王永健的文件夹\IntegratedProjects\c--\c--1.4\Interpreter\eval.c(287,1): warning C4133: “初始化”: 从“Object *”到“BlockObject *”的类型不兼容
E:\王永健\王永健的文件夹\IntegratedProjects\c--\c--1.4\Interpreter\eval.c(293,1): warning C4133: “初始化”: 从“Object *”到“BlockObject *”的类型不兼容
E:\王永健\王永健的文件夹\IntegratedProjects\c--\c--1.4\Interpreter\eval.c(8,21): warning C4101: “index”: 未引用的局部变量
E:\王永健\王永健的文件夹\IntegratedProjects\c--\c--1.4\Interpreter\eval.c(316,1): warning C4133: “初始化”: 从“Object *”到“FunctionObject *”的类型不兼容
E:\王永健\王永健的文件夹\IntegratedProjects\c--\c--1.4\Interpreter\eval.c(332,42): warning C4133: “函数”: 从“ListObject *”到“Object *”的类型不兼容
E:\王永健\王永健的文件夹\IntegratedProjects\c--\c--1.4\Interpreter\eval.c(338,27): warning C4133: “函数”: 从“DictObject *”到“Object *”的类型不兼容
E:\王永健\王永健的文件夹\IntegratedProjects\c--\c--1.4\Interpreter\eval.c(342,27): warning C4133: “函数”: 从“DictObject *”到“Object *”的类型不兼容
E:\王永健\王永健的文件夹\IntegratedProjects\c--\c--1.4\Interpreter\eval.c(354,35): warning C4133: “函数”: 从“ListObject *”到“Object *”的类型不兼容
E:\王永健\王永健的文件夹\IntegratedProjects\c--\c--1.4\Interpreter\eval.c(357,30): warning C4133: “函数”: 从“ListObject *”到“Object *”的类型不兼容
E:\王永健\王永健的文件夹\IntegratedProjects\c--\c--1.4\Interpreter\eval.c(328,1): warning C4133: “初始化”: 从“Object *”到“FrameObject *”的类型不兼容
E:\王永健\王永健的文件夹\IntegratedProjects\c--\c--1.4\Interpreter\eval.c(334,1): warning C4133: “初始化”: 从“Object *”到“DictObject *”的类型不兼容
E:\王永健\王永健的文件夹\IntegratedProjects\c--\c--1.4\Interpreter\eval.c(350,1): warning C4133: “初始化”: 从“Object *”到“ListObject *”的类型不兼容
E:\王永健\王永健的文件夹\IntegratedProjects\c--\c--1.4\Interpreter\eval.c(365,38): warning C4133: “函数”: 从“StringObject *”到“Object *”的类型不兼容
E:\王永健\王永健的文件夹\IntegratedProjects\c--\c--1.4\Interpreter\eval.c(365,75): warning C4133: “=”: 从“Object *”到“StringObject *”的类型不兼容
  bytecodeobject.c
E:\王永健\王永健的文件夹\IntegratedProjects\c--\c--1.4\Include\intobject.h(30,1): warning C4028: 形参 1 与声明不同
E:\王永健\王永健的文件夹\IntegratedProjects\c--\c--1.4\Objects\bytecodeobject.c(7,38): warning C4133: “=”: 从“Object *”到“ListObject *”的类型不兼容
E:\王永健\王永健的文件夹\IntegratedProjects\c--\c--1.4\Objects\bytecodeobject.c(8,40): warning C4133: “=”: 从“Object *”到“ListObject *”的类型不兼容
E:\王永健\王永健的文件夹\IntegratedProjects\c--\c--1.4\Objects\bytecodeobject.c(23,39): warning C4133: “函数”: 从“ListObject *”到“Object *”的类型不兼容
E:\王永健\王永健的文件夹\IntegratedProjects\c--\c--1.4\Objects\bytecodeobject.c(28,38): warning C4133: “函数”: 从“ListObject *”到“Object *”的类型不兼容
E:\王永健\王永健的文件夹\IntegratedProjects\c--\c--1.4\Objects\bytecodeobject.c(22,1): warning C4133: “初始化”: 从“Object *”到“ListObject *”的类型不兼容
  frameobject.c
E:\王永健\王永健的文件夹\IntegratedProjects\c--\c--1.4\Include\intobject.h(30,1): warning C4028: 形参 1 与声明不同
E:\王永健\王永健的文件夹\IntegratedProjects\c--\c--1.4\Objects\frameobject.c(12,38): warning C4133: “=”: 从“Object *”到“DictObject *”的类型不兼容
E:\王永健\王永健的文件夹\IntegratedProjects\c--\c--1.4\Objects\frameobject.c(13,37): warning C4133: “=”: 从“Object *”到“DictObject *”的类型不兼容
E:\王永健\王永健的文件夹\IntegratedProjects\c--\c--1.4\Objects\frameobject.c(14,37): warning C4133: “=”: 从“Object *”到“ListObject *”的类型不兼容
E:\王永健\王永健的文件夹\IntegratedProjects\c--\c--1.4\Objects\frameobject.c(20,1): warning C4133: “初始化”: 从“Object *”到“FrameObject *”的类型不兼容
E:\王永健\王永健的文件夹\IntegratedProjects\c--\c--1.4\Objects\frameobject.c(29,35): warning C4133: “函数”: 从“ListObject *”到“Object *”的类型不兼容
E:\王永健\王永健的文件夹\IntegratedProjects\c--\c--1.4\Objects\frameobject.c(31,36): warning C4133: “函数”: 从“DictObject *”到“Object *”的类型不兼容
E:\王永健\王永健的文件夹\IntegratedProjects\c--\c--1.4\Objects\frameobject.c(33,35): warning C4133: “函数”: 从“DictObject *”到“Object *”的类型不兼容
  functionobject.c
E:\王永健\王永健的文件夹\IntegratedProjects\c--\c--1.4\Include\intobject.h(30,1): warning C4028: 形参 1 与声明不同
  opcodeobject.c
E:\王永健\王永健的文件夹\IntegratedProjects\c--\c--1.4\Objects\opcodeobject.c(13,1): warning C4133: “初始化”: 从“Object *”到“OpCodeObject *”的类型不兼容
  main.c
E:\王永健\王永健的文件夹\IntegratedProjects\c--\c--1.4\Include\intobject.h(30,1): warning C4028: 形参 1 与声明不同
E:\王永健\王永健的文件夹\IntegratedProjects\c--\c--1.4\Include\doubleobject.h(28,1): warning C4028: 形参 1 与声明不同
E:\王永健\王永健的文件夹\IntegratedProjects\c--\c--1.4\main.c(27,44): warning C4133: “函数”: 从“NameSpaceASTObject *”到“Object *”的类型不兼容
E:\王永健\王永健的文件夹\IntegratedProjects\c--\c--1.4\main.c(24,1): warning C4133: “初始化”: 从“Object *”到“NameSpaceASTObject *”的类型不兼容
E:\王永健\王永健的文件夹\IntegratedProjects\c--\c--1.4\main.c(29,1): warning C4133: “初始化”: 从“Object *”到“NamespaceObject *”的类型不兼容
E:\王永健\王永健的文件夹\IntegratedProjects\c--\c--1.4\main.c(30,1): warning C4133: “初始化”: 从“Object *”到“FrameObject *”的类型不兼容
E:\王永健\王永健的文件夹\IntegratedProjects\c--\c--1.4\main.c(72,44): warning C4133: “函数”: 从“NameSpaceASTObject *”到“Object *”的类型不兼容
E:\王永健\王永健的文件夹\IntegratedProjects\c--\c--1.4\main.c(73,44): warning C4133: “函数”: 从“ByteCodeObject *”到“Object *”的类型不兼容
E:\王永健\王永健的文件夹\IntegratedProjects\c--\c--1.4\main.c(67,1): warning C4133: “初始化”: 从“Object *”到“NameSpaceASTObject *”的类型不兼容
E:\王永健\王永健的文件夹\IntegratedProjects\c--\c--1.4\main.c(75,1): warning C4133: “初始化”: 从“Object *”到“NamespaceObject *”的类型不兼容
E:\王永健\王永健的文件夹\IntegratedProjects\c--\c--1.4\main.c(76,1): warning C4133: “初始化”: 从“Object *”到“FrameObject *”的类型不兼容
  正在生成代码...
  c--1.4.vcxproj -> E:\王永健\王永健的文件夹\IntegratedProjects\c--\c--1.4\Debug\c--1.4.exe
